This is pdfTeX, Version 3.1415926-2.4-1.40.13 (TeX Live 2012/Debian) (format=latex 2013.1.16)  4 FEB 2013 01:13
entering extended mode
 restricted \write18 enabled.
 %&-line parsing enabled.
**mood_chap5.tex
(./mood_chap5.tex
LaTeX2e <2011/06/27>
Babel <v3.8m> and hyphenation patterns for english, dumylang, nohyphenation, sl
ovak, czech, loaded.
! Undefined control sequence.
l.1 \chapter
            {Distribuce funkcí náhodných veličin}
? 
! Emergency stop.
l.1 \chapter
            {Distribuce funkcí náhodných veličin}
End of file on the terminal!

 
Here is how much of TeX's memory you used:
 5 strings out of 495026
 145 string characters out of 3180756
 45110 words of memory out of 3000000
 3292 multiletter control sequences out of 15000+200000
 3640 words of font info for 14 fonts, out of 3000000 for 9000
 24 hyphenation exceptions out of 8191
 5i,0n,1p,66b,8s stack positions out of 5000i,500n,10000p,200000b,50000s
No pages of output.
