This is pdfTeX, Version 3.14159265-2.6-1.40.17 (TeX Live 2016/Debian) (preloaded format=pdflatex 2018.1.21)  1 MAY 2018 22:09
entering extended mode
 restricted \write18 enabled.
 file:line:error style messages enabled.
 %&-line parsing enabled.
**wool_chap10.tex
(./wool_chap10.tex
LaTeX2e <2017/01/01> patch level 3
Babel <3.9r> and hyphenation patterns for 5 language(s) loaded.
./wool_chap10.tex:1: Undefined control sequence.
l.1 \chapter
            {Základy analýza časových řad}
? 
./wool_chap10.tex:1: Emergency stop.
l.1 \chapter
            {Základy analýza časových řad}
End of file on the terminal!

 
Here is how much of TeX's memory you used:
 5 strings out of 494911
 150 string characters out of 6179735
 45885 words of memory out of 5000000
 3404 multiletter control sequences out of 15000+600000
 3640 words of font info for 14 fonts, out of 8000000 for 9000
 24 hyphenation exceptions out of 8191
 5i,0n,1p,61b,8s stack positions out of 5000i,500n,10000p,200000b,80000s
./wool_chap10.tex:1:  ==> Fatal error occurred, no output PDF file produced!
