This is pdfTeX, Version 3.14159265-2.6-1.40.15 (TeX Live 2015/dev/Debian) (preloaded format=latex 2017.3.11)  17 JUL 2017 11:36
entering extended mode
 restricted \write18 enabled.
 file:line:error style messages enabled.
 %&-line parsing enabled.
**wool_chap18.tex
(./wool_chap18.tex
LaTeX2e <2014/05/01>
Babel <3.9l> and hyphenation patterns for 4 languages loaded.
./wool_chap18.tex:1: Undefined control sequence.
l.1 \chapter
            {Časové řady pro pokročilé}
? 
./wool_chap18.tex:1: Emergency stop.
l.1 \chapter
            {Časové řady pro pokročilé}
End of file on the terminal!

 
Here is how much of TeX's memory you used:
 5 strings out of 494987
 157 string characters out of 6180053
 46054 words of memory out of 5000000
 3324 multiletter control sequences out of 15000+600000
 3640 words of font info for 14 fonts, out of 8000000 for 9000
 24 hyphenation exceptions out of 8191
 5i,0n,1p,58b,8s stack positions out of 5000i,500n,10000p,200000b,80000s
No pages of output.
