This is pdfTeX, Version 3.1415926-1.40.10 (TeX Live 2009/Debian) (format=latex 2011.10.21)  30 OCT 2011 18:37
entering extended mode
 %&-line parsing enabled.
**feller.tex
(./feller.tex
LaTeX2e <2009/09/24>
Babel <v3.8l> and hyphenation patterns for english, usenglishmax, dumylang, noh
yphenation, czech, slovak, loaded.
(/usr/share/texmf-texlive/tex/latex/base/book.cls
Document Class: book 2007/10/19 v1.4h Standard LaTeX document class
(/usr/share/texmf-texlive/tex/latex/base/bk10.clo
File: bk10.clo 2007/10/19 v1.4h Standard LaTeX file (size option)
)
\c@part=\count79
\c@chapter=\count80
\c@section=\count81
\c@subsection=\count82
\c@subsubsection=\count83
\c@paragraph=\count84
\c@subparagraph=\count85
\c@figure=\count86
\c@table=\count87
\abovecaptionskip=\skip41
\belowcaptionskip=\skip42
\bibindent=\dimen102
)
(/usr/share/texmf-texlive/tex/generic/babel/babel.sty
Package: babel 2008/07/06 v3.8l The Babel package

(/usr/share/texmf-texlive/tex/generic/babel/czech.ldf
Language: czech 2008/07/06 v3.1a Czech support from the babel system

(/usr/share/texmf-texlive/tex/generic/babel/babel.def
File: babel.def 2008/07/06 v3.8l Babel common definitions
\babel@savecnt=\count88
\U@D=\dimen103
)
Package babel Info: Making " an active character on input line 172.
\cs@wordlen=\count89
Package babel Info: Making - an active character on input line 226.
))
(/usr/share/texmf-texlive/tex/latex/base/inputenc.sty
Package: inputenc 2008/03/30 v1.1d Input encoding file
\inpenc@prehook=\toks14
\inpenc@posthook=\toks15

(/usr/share/texmf-texlive/tex/latex/base/utf8.def
File: utf8.def 2008/04/05 v1.1m UTF-8 support for inputenc
Now handling font encoding OML ...
... no UTF-8 mapping file for font encoding OML
Now handling font encoding T1 ...
... processing UTF-8 mapping file for font encoding T1

(/usr/share/texmf-texlive/tex/latex/base/t1enc.dfu
File: t1enc.dfu 2008/04/05 v1.1m UTF-8 support for inputenc
   defining Unicode char U+00A1 (decimal 161)
   defining Unicode char U+00A3 (decimal 163)
   defining Unicode char U+00AB (decimal 171)
   defining Unicode char U+00BB (decimal 187)
   defining Unicode char U+00BF (decimal 191)
   defining Unicode char U+00C0 (decimal 192)
   defining Unicode char U+00C1 (decimal 193)
   defining Unicode char U+00C2 (decimal 194)
   defining Unicode char U+00C3 (decimal 195)
   defining Unicode char U+00C4 (decimal 196)
   defining Unicode char U+00C5 (decimal 197)
   defining Unicode char U+00C6 (decimal 198)
   defining Unicode char U+00C7 (decimal 199)
   defining Unicode char U+00C8 (decimal 200)
   defining Unicode char U+00C9 (decimal 201)
   defining Unicode char U+00CA (decimal 202)
   defining Unicode char U+00CB (decimal 203)
   defining Unicode char U+00CC (decimal 204)
   defining Unicode char U+00CD (decimal 205)
   defining Unicode char U+00CE (decimal 206)
   defining Unicode char U+00CF (decimal 207)
   defining Unicode char U+00D0 (decimal 208)
   defining Unicode char U+00D1 (decimal 209)
   defining Unicode char U+00D2 (decimal 210)
   defining Unicode char U+00D3 (decimal 211)
   defining Unicode char U+00D4 (decimal 212)
   defining Unicode char U+00D5 (decimal 213)
   defining Unicode char U+00D6 (decimal 214)
   defining Unicode char U+00D8 (decimal 216)
   defining Unicode char U+00D9 (decimal 217)
   defining Unicode char U+00DA (decimal 218)
   defining Unicode char U+00DB (decimal 219)
   defining Unicode char U+00DC (decimal 220)
   defining Unicode char U+00DD (decimal 221)
   defining Unicode char U+00DE (decimal 222)
   defining Unicode char U+00DF (decimal 223)
   defining Unicode char U+00E0 (decimal 224)
   defining Unicode char U+00E1 (decimal 225)
   defining Unicode char U+00E2 (decimal 226)
   defining Unicode char U+00E3 (decimal 227)
   defining Unicode char U+00E4 (decimal 228)
   defining Unicode char U+00E5 (decimal 229)
   defining Unicode char U+00E6 (decimal 230)
   defining Unicode char U+00E7 (decimal 231)
   defining Unicode char U+00E8 (decimal 232)
   defining Unicode char U+00E9 (decimal 233)
   defining Unicode char U+00EA (decimal 234)
   defining Unicode char U+00EB (decimal 235)
   defining Unicode char U+00EC (decimal 236)
   defining Unicode char U+00ED (decimal 237)
   defining Unicode char U+00EE (decimal 238)
   defining Unicode char U+00EF (decimal 239)
   defining Unicode char U+00F0 (decimal 240)
   defining Unicode char U+00F1 (decimal 241)
   defining Unicode char U+00F2 (decimal 242)
   defining Unicode char U+00F3 (decimal 243)
   defining Unicode char U+00F4 (decimal 244)
   defining Unicode char U+00F5 (decimal 245)
   defining Unicode char U+00F6 (decimal 246)
   defining Unicode char U+00F8 (decimal 248)
   defining Unicode char U+00F9 (decimal 249)
   defining Unicode char U+00FA (decimal 250)
   defining Unicode char U+00FB (decimal 251)
   defining Unicode char U+00FC (decimal 252)
   defining Unicode char U+00FD (decimal 253)
   defining Unicode char U+00FE (decimal 254)
   defining Unicode char U+00FF (decimal 255)
   defining Unicode char U+0102 (decimal 258)
   defining Unicode char U+0103 (decimal 259)
   defining Unicode char U+0104 (decimal 260)
   defining Unicode char U+0105 (decimal 261)
   defining Unicode char U+0106 (decimal 262)
   defining Unicode char U+0107 (decimal 263)
   defining Unicode char U+010C (decimal 268)
   defining Unicode char U+010D (decimal 269)
   defining Unicode char U+010E (decimal 270)
   defining Unicode char U+010F (decimal 271)
   defining Unicode char U+0110 (decimal 272)
   defining Unicode char U+0111 (decimal 273)
   defining Unicode char U+0118 (decimal 280)
   defining Unicode char U+0119 (decimal 281)
   defining Unicode char U+011A (decimal 282)
   defining Unicode char U+011B (decimal 283)
   defining Unicode char U+011E (decimal 286)
   defining Unicode char U+011F (decimal 287)
   defining Unicode char U+0130 (decimal 304)
   defining Unicode char U+0131 (decimal 305)
   defining Unicode char U+0132 (decimal 306)
   defining Unicode char U+0133 (decimal 307)
   defining Unicode char U+0139 (decimal 313)
   defining Unicode char U+013A (decimal 314)
   defining Unicode char U+013D (decimal 317)
   defining Unicode char U+013E (decimal 318)
   defining Unicode char U+0141 (decimal 321)
   defining Unicode char U+0142 (decimal 322)
   defining Unicode char U+0143 (decimal 323)
   defining Unicode char U+0144 (decimal 324)
   defining Unicode char U+0147 (decimal 327)
   defining Unicode char U+0148 (decimal 328)
   defining Unicode char U+014A (decimal 330)
   defining Unicode char U+014B (decimal 331)
   defining Unicode char U+0150 (decimal 336)
   defining Unicode char U+0151 (decimal 337)
   defining Unicode char U+0152 (decimal 338)
   defining Unicode char U+0153 (decimal 339)
   defining Unicode char U+0154 (decimal 340)
   defining Unicode char U+0155 (decimal 341)
   defining Unicode char U+0158 (decimal 344)
   defining Unicode char U+0159 (decimal 345)
   defining Unicode char U+015A (decimal 346)
   defining Unicode char U+015B (decimal 347)
   defining Unicode char U+015E (decimal 350)
   defining Unicode char U+015F (decimal 351)
   defining Unicode char U+0160 (decimal 352)
   defining Unicode char U+0161 (decimal 353)
   defining Unicode char U+0162 (decimal 354)
   defining Unicode char U+0163 (decimal 355)
   defining Unicode char U+0164 (decimal 356)
   defining Unicode char U+0165 (decimal 357)
   defining Unicode char U+016E (decimal 366)
   defining Unicode char U+016F (decimal 367)
   defining Unicode char U+0170 (decimal 368)
   defining Unicode char U+0171 (decimal 369)
   defining Unicode char U+0178 (decimal 376)
   defining Unicode char U+0179 (decimal 377)
   defining Unicode char U+017A (decimal 378)
   defining Unicode char U+017B (decimal 379)
   defining Unicode char U+017C (decimal 380)
   defining Unicode char U+017D (decimal 381)
   defining Unicode char U+017E (decimal 382)
   defining Unicode char U+200C (decimal 8204)
   defining Unicode char U+2013 (decimal 8211)
   defining Unicode char U+2014 (decimal 8212)
   defining Unicode char U+2018 (decimal 8216)
   defining Unicode char U+2019 (decimal 8217)
   defining Unicode char U+201A (decimal 8218)
   defining Unicode char U+201C (decimal 8220)
   defining Unicode char U+201D (decimal 8221)
   defining Unicode char U+201E (decimal 8222)
   defining Unicode char U+2030 (decimal 8240)
   defining Unicode char U+2031 (decimal 8241)
   defining Unicode char U+2039 (decimal 8249)
   defining Unicode char U+203A (decimal 8250)
   defining Unicode char U+2423 (decimal 9251)
)
Now handling font encoding OT1 ...
... processing UTF-8 mapping file for font encoding OT1

(/usr/share/texmf-texlive/tex/latex/base/ot1enc.dfu
File: ot1enc.dfu 2008/04/05 v1.1m UTF-8 support for inputenc
   defining Unicode char U+00A1 (decimal 161)
   defining Unicode char U+00A3 (decimal 163)
   defining Unicode char U+00B8 (decimal 184)
   defining Unicode char U+00BF (decimal 191)
   defining Unicode char U+00C5 (decimal 197)
   defining Unicode char U+00C6 (decimal 198)
   defining Unicode char U+00D8 (decimal 216)
   defining Unicode char U+00DF (decimal 223)
   defining Unicode char U+00E6 (decimal 230)
   defining Unicode char U+00EC (decimal 236)
   defining Unicode char U+00ED (decimal 237)
   defining Unicode char U+00EE (decimal 238)
   defining Unicode char U+00EF (decimal 239)
   defining Unicode char U+00F8 (decimal 248)
   defining Unicode char U+0131 (decimal 305)
   defining Unicode char U+0141 (decimal 321)
   defining Unicode char U+0142 (decimal 322)
   defining Unicode char U+0152 (decimal 338)
   defining Unicode char U+0153 (decimal 339)
   defining Unicode char U+2013 (decimal 8211)
   defining Unicode char U+2014 (decimal 8212)
   defining Unicode char U+2018 (decimal 8216)
   defining Unicode char U+2019 (decimal 8217)
   defining Unicode char U+201C (decimal 8220)
   defining Unicode char U+201D (decimal 8221)
)
Now handling font encoding OMS ...
... processing UTF-8 mapping file for font encoding OMS

(/usr/share/texmf-texlive/tex/latex/base/omsenc.dfu
File: omsenc.dfu 2008/04/05 v1.1m UTF-8 support for inputenc
   defining Unicode char U+00A7 (decimal 167)
   defining Unicode char U+00B6 (decimal 182)
   defining Unicode char U+00B7 (decimal 183)
   defining Unicode char U+2020 (decimal 8224)
   defining Unicode char U+2021 (decimal 8225)
   defining Unicode char U+2022 (decimal 8226)
)
Now handling font encoding OMX ...
... no UTF-8 mapping file for font encoding OMX
Now handling font encoding U ...
... no UTF-8 mapping file for font encoding U
   defining Unicode char U+00A9 (decimal 169)
   defining Unicode char U+00AA (decimal 170)
   defining Unicode char U+00AE (decimal 174)
   defining Unicode char U+00BA (decimal 186)
   defining Unicode char U+02C6 (decimal 710)
   defining Unicode char U+02DC (decimal 732)
   defining Unicode char U+200C (decimal 8204)
   defining Unicode char U+2026 (decimal 8230)
   defining Unicode char U+2122 (decimal 8482)
   defining Unicode char U+2423 (decimal 9251)
))
(/usr/share/texmf-texlive/tex/latex/pstricks/pstricks.sty
Package: pstricks 2008/11/26 v0.40 LaTeX wrapper for `PSTricks' (RN,HV)

(/usr/share/texmf-texlive/tex/generic/pstricks/pstricks.tex
`PSTricks' v1.29  <2009/05/19> (tvz)
\pst@dima=\dimen104
\pst@dimb=\dimen105
\pst@dimc=\dimen106
\pst@dimd=\dimen107
\pst@dimg=\dimen108
\pst@dimh=\dimen109
\pst@hbox=\box26
\pst@boxg=\box27
\pst@cnta=\count90
\pst@cntb=\count91
\pst@cntc=\count92
\pst@cntd=\count93
\pst@cntg=\count94
\pst@cnth=\count95
\pst@toks=\toks16
(/usr/share/texmf-texlive/tex/generic/pstricks/pstricks.con)
\psunit=\dimen110
\psxunit=\dimen111
\psyunit=\dimen112
\pslinewidth=\dimen113
\pst@customdefs=\toks17
\pslinearc=\dimen114
\everypsbox=\toks18
\psframesep=\dimen115
\pslabelsep=\dimen116
\pst@shift=\dimen117
\theoverlaybox=\box28
)
File: pstricks.tex 2009/05/19 v1.29 `PSTricks' (tvz,hv)

(/usr/share/texmf/tex/latex/xcolor/xcolor.sty
Package: xcolor 2007/01/21 v2.11 LaTeX color extensions (UK)

(/etc/texmf/tex/latex/config/color.cfg
File: color.cfg 2007/01/18 v1.5 color configuration of teTeX/TeXLive
)
Package xcolor Info: Driver file: dvips.def on input line 225.

(/usr/share/texmf-texlive/tex/latex/graphics/dvips.def
File: dvips.def 1999/02/16 v3.0i Driver-dependant file (DPC,SPQR)
)
Package xcolor Info: Model `cmy' substituted by `cmy0' on input line 1337.
Package xcolor Info: Model `RGB' extended on input line 1353.
Package xcolor Info: Model `HTML' substituted by `rgb' on input line 1355.
Package xcolor Info: Model `Hsb' substituted by `hsb' on input line 1356.
Package xcolor Info: Model `tHsb' substituted by `hsb' on input line 1357.
Package xcolor Info: Model `HSB' substituted by `hsb' on input line 1358.
Package xcolor Info: Model `Gray' substituted by `gray' on input line 1359.
Package xcolor Info: Model `wave' substituted by `hsb' on input line 1360.
))
(/usr/share/texmf-texlive/tex/latex/amsmath/amsmath.sty
Package: amsmath 2000/07/18 v2.13 AMS math features
\@mathmargin=\skip43

For additional information on amsmath, use the `?' option.
(/usr/share/texmf-texlive/tex/latex/amsmath/amstext.sty
Package: amstext 2000/06/29 v2.01

(/usr/share/texmf-texlive/tex/latex/amsmath/amsgen.sty
File: amsgen.sty 1999/11/30 v2.0
\@emptytoks=\toks19
\ex@=\dimen118
))
(/usr/share/texmf-texlive/tex/latex/amsmath/amsbsy.sty
Package: amsbsy 1999/11/29 v1.2d
\pmbraise@=\dimen119
)
(/usr/share/texmf-texlive/tex/latex/amsmath/amsopn.sty
Package: amsopn 1999/12/14 v2.01 operator names
)
\inf@bad=\count96
LaTeX Info: Redefining \frac on input line 211.
\uproot@=\count97
\leftroot@=\count98
LaTeX Info: Redefining \overline on input line 307.
\classnum@=\count99
\DOTSCASE@=\count100
LaTeX Info: Redefining \ldots on input line 379.
LaTeX Info: Redefining \dots on input line 382.
LaTeX Info: Redefining \cdots on input line 467.
\Mathstrutbox@=\box29
\strutbox@=\box30
\big@size=\dimen120
LaTeX Font Info:    Redeclaring font encoding OML on input line 567.
LaTeX Font Info:    Redeclaring font encoding OMS on input line 568.
\macc@depth=\count101
\c@MaxMatrixCols=\count102
\dotsspace@=\muskip10
\c@parentequation=\count103
\dspbrk@lvl=\count104
\tag@help=\toks20
\row@=\count105
\column@=\count106
\maxfields@=\count107
\andhelp@=\toks21
\eqnshift@=\dimen121
\alignsep@=\dimen122
\tagshift@=\dimen123
\tagwidth@=\dimen124
\totwidth@=\dimen125
\lineht@=\dimen126
\@envbody=\toks22
\multlinegap=\skip44
\multlinetaggap=\skip45
\mathdisplay@stack=\toks23
LaTeX Info: Redefining \[ on input line 2666.
LaTeX Info: Redefining \] on input line 2667.
)
(/usr/share/texmf-texlive/tex/latex/amsfonts/eufrak.sty
Package: eufrak 2009/06/22 v3.00 Euler Fraktur fonts
LaTeX Font Info:    Overwriting math alphabet `\EuFrak' in version `bold'
(Font)                  U/euf/m/n --> U/euf/b/n on input line 39.
)
(/usr/share/texmf-texlive/tex/latex/graphics/graphicx.sty
Package: graphicx 1999/02/16 v1.0f Enhanced LaTeX Graphics (DPC,SPQR)

(/usr/share/texmf-texlive/tex/latex/graphics/keyval.sty
Package: keyval 1999/03/16 v1.13 key=value parser (DPC)
\KV@toks@=\toks24
)
(/usr/share/texmf-texlive/tex/latex/graphics/graphics.sty
Package: graphics 2009/02/05 v1.0o Standard LaTeX Graphics (DPC,SPQR)

(/usr/share/texmf-texlive/tex/latex/graphics/trig.sty
Package: trig 1999/03/16 v1.09 sin cos tan (DPC)
)
(/etc/texmf/tex/latex/config/graphics.cfg
File: graphics.cfg 2009/08/28 v1.8 graphics configuration of TeX Live
)
Package graphics Info: Driver file: dvips.def on input line 91.
)
\Gin@req@height=\dimen127
\Gin@req@width=\dimen128
) (./feller.aux)
\openout1 = `feller.aux'.

LaTeX Font Info:    Checking defaults for OML/cmm/m/it on input line 11.
LaTeX Font Info:    ... okay on input line 11.
LaTeX Font Info:    Checking defaults for T1/cmr/m/n on input line 11.
LaTeX Font Info:    ... okay on input line 11.
LaTeX Font Info:    Checking defaults for OT1/cmr/m/n on input line 11.
LaTeX Font Info:    ... okay on input line 11.
LaTeX Font Info:    Checking defaults for OMS/cmsy/m/n on input line 11.
LaTeX Font Info:    ... okay on input line 11.
LaTeX Font Info:    Checking defaults for OMX/cmex/m/n on input line 11.
LaTeX Font Info:    ... okay on input line 11.
LaTeX Font Info:    Checking defaults for U/cmr/m/n on input line 11.
LaTeX Font Info:    ... okay on input line 11.
\c@theorem=\count108
\c@corollary=\count109
\c@lemma=\count110
\c@definition=\count111
\c@example=\count112
\c@proof=\count113
 [1


] [2

]
(./feller.toc
Underfull \hbox (badness 10000) in paragraph at lines 14--14
 [][] []\OT1/cmr/m/n/10 Maxwell-Boltzmannova, Bose-Einsteinova a Fermi- 
 []

[3])
\tf@toc=\write3
\openout3 = `feller.toc'.

 [4] [5

] [6]
Kapitola 1.

Underfull \hbox (badness 10000) in paragraph at lines 39--40

 []

[7

]
LaTeX Font Info:    Try loading font information for U+euf on input line 60.
 (/usr/share/texmf-texlive/tex/latex/amsfonts/ueuf.fd
File: ueuf.fd 2009/06/22 v3.00 Euler Fraktur
)
Underfull \hbox (badness 2452) in paragraph at lines 67--68
[]\OT1/cmr/m/it/10 Pravd^^Tepodobnost $\OML/cmm/m/it/10 P\OT1/cmr/m/n/10 [\OML/
cmm/m/it/10 A\OT1/cmr/m/n/10 ]$ \OT1/cmr/m/it/10 slo^^Tzen^^Seho jevu $\OML/cmm
/m/it/10 A$ \OT1/cmr/m/it/10 je rovna sou^^Tctu
 []

[8] [9] [10] [11] [12] [13] [14] [15] [16]
Kapitola 2.
[17

] [18] [19] [20] [21] [22] [23]
Underfull \hbox (badness 10000) in paragraph at lines 628--629
[]\OT1/cmr/m/it/10 Nejprve p^^Treformulujeme teor^^Sem do p^^Tr^^S^^Phodn^^Tej^
^Ts^^S^^P po-doby.
 []


Underfull \hbox (badness 1337) in paragraph at lines 628--629
\OT1/cmr/m/it/10 P^^Tredpokl^^Sadejme, ^^Tze prvn^^S^^P krok n^^Sahodn^^Se proc
h^^Sazky vede do bodu $\OT1/cmr/m/n/10 (1\OML/cmm/m/it/10 ; \OT1/cmr/m/n/10 1)$
 \OT1/cmr/m/it/10 a
 []

[24] [25] [26] [27]
Underfull \hbox (badness 10000) in paragraph at lines 789--790

 []

[28] [29] [30

]
Kapitola 3.

Underfull \hbox (badness 10000) in paragraph at lines 835--837
\OT1/cmr/m/n/10 Pro ^^Su^^Tcely v^^Sypo^^Tctu pravd^^Tepodobnosti jevu $\OML/cm
m/m/it/10 A$ \OT1/cmr/m/n/10 nesta^^Tc^^S^^P zn^^Sat pouze
 []

[31] [32]
Underfull \hbox (badness 5771) in paragraph at lines 919--920
\OT1/cmr/m/n/10 Op^^Tet se vrat[]me k n^^Sahodn^^Semu p^^Tri^^Trazov^^San^^S^^P
 $\OML/cmm/m/it/10 r$ \OT1/cmr/m/n/10 m^^S^^P^^Tck^^Wu $\OML/cmm/m/it/10 n$ \OT
1/cmr/m/n/10 p^^Trihr^^Sadk^^Sam.
 []

[33] [34]
Underfull \hbox (badness 1117) in paragraph at lines 984--985
[]\OT1/cmr/m/n/10 Nam^^S^^Psto pr^^Sazdn^^Sych p^^Trihr^^Sadek n^^Sas m^^Wu^^Tz
e zaj^^S^^Pmat pravd^^Tepodobnost, ^^Tze
 []

[35] [36] [37] [38]
Kapitola 4.

Underfull \hbox (badness 1087) in paragraph at lines 1117--1118
\OT1/cmr/m/n/10 Uva^^Tzujme po-pu-laci $\OML/cmm/m/it/10 N$ \OT1/cmr/m/n/10 lid
^^S^^P, kter^^Sa ob-sa-huje $\OML/cmm/m/it/10 N[]$ \OT1/cmr/m/n/10 bar-voslep^^
Sych a $\OML/cmm/m/it/10 N[]$ \OT1/cmr/m/n/10 ^^Tzen.
 []


Underfull \hbox (badness 1014) in paragraph at lines 1120--1122
\OT1/cmr/m/n/10 p^^Tredstavuje po^^Tcet bar-voslep^^Sych ^^Tzen. Tuto pravd^^Te
podobnost zna^^Tc^^S^^Pme jako
 []

[39

]
Underfull \hbox (badness 2119) in paragraph at lines 1167--1168
\OT1/cmr/m/it/10 pravd^^Tepodobnost, ^^Tze n^^Sahodn^^Te vy-bran^^Sy je-di-nec 
n^^Sale^^Tz^^S^^P do sub-po-pu-lace $\OML/cmm/m/it/10 H[]$\OT1/cmr/m/it/10 .
 []

[40]
Underfull \hbox (badness 3312) in paragraph at lines 1195--1196
\OT1/cmr/m/n/10 ^^Tze prvn^^S^^Pm ta-hem bude vybr^^Sana ^^Tcern^^Sa kuli^^Tcka
 $\OML/cmm/m/it/10 b=\OT1/cmr/m/n/10 (\OML/cmm/m/it/10 r \OT1/cmr/m/n/10 + \OML
/cmm/m/it/10 b\OT1/cmr/m/n/10 )$. Podm^^S^^Pn^^Ten^^Sa
 []

[41] [42]
Underfull \hbox (badness 10000) in paragraph at lines 1243--1245
\OT1/cmr/m/n/10 Analogickou apro-xi-maci lze pou^^Tz^^S^^Pt tak^^Se pro $\OML/c
mm/m/it/10 P\OT1/cmr/m/n/10 [\OML/cmm/m/it/10 AB\OT1/cmr/m/n/10 ]$. Podm^^S^^Pn
^^Tenou
 []

[43] [44] [45] [46

]
Kapitola 5.

Underfull \hbox (badness 1859) in paragraph at lines 1340--1341
\OT1/cmr/m/n/10 V^^Sysledkem kart^^Sezk^^Seho sou^^Tcinu dvou mno^^Tzin $\OML/c
mm/m/it/10 A$ \OT1/cmr/m/n/10 a $\OML/cmm/m/it/10 B$ \OT1/cmr/m/n/10 je mno^^Tz
ina v^^Tsech
 []

[47] [48

]
Kapitola 6.

Underfull \hbox (badness 1057) in paragraph at lines 1362--1363
\OT1/cmr/m/n/10 kud pro ka^^Tzd^^Sy po-kus exis-tuj^^S^^P pouze dva mo^^Tzn^^Se
 v^^Sysledky s kon-statn^^S^^Pmi
 []

[49]
File: binom_dist.eps Graphic file (type eps)
 <binom_dist.eps>
Underfull \hbox (badness 10000) in paragraph at lines 1415--1416
[]\OT1/cmr/m/n/10 Pravd^^Tepodobnost $\OML/cmm/m/it/10 r$ \OT1/cmr/m/n/10 ^^Sus
p^^Tech^^Wu je zpra-vi-dla m^^Sen^^Te zaj^^S^^Pmav^^Sa ne^^Tz
 []

[50] [51] [52]
Kapitola 7.
[53

]
Overfull \hbox (11.72623pt too wide) in paragraph at lines 1483--1491
 [] 
 []


Underfull \hbox (badness 2165) in paragraph at lines 1504--1505
\OT1/cmr/m/n/10 V p^^Tredchoz^^S^^Pm textu jsme dok^^Sazali, ^^Tze Po-is-so-nov
o rozd^^Telen^^S^^P lze pou^^Tz^^S^^Pt
 []


Underfull \hbox (badness 1067) in paragraph at lines 1519--1520
[]\OT1/cmr/m/it/10 Klasick^^Sym p^^Tr^^S^^Pkladem, kter^^Sy slou^^Tz^^S^^P pro 
ilu-straci Po-is-so-nova
 []


Underfull \hbox (badness 3612) in paragraph at lines 1522--1523
[]\OT1/cmr/m/n/10 Uva^^Tzujme jed-not-kov^^Sy ^^Tcasov^^Sy in-ter-val rozd^^Tel
en^^Sy na $\OML/cmm/m/it/10 n$ \OT1/cmr/m/n/10 vz^^Sajemn^^Te se
 []

[54] [55] [56]
Underfull \hbox (badness 2205) in paragraph at lines 1583--1584
[]\OT1/cmr/m/it/10 Pro li-bo-voln^^Se re^^Saln^^Se $\OML/cmm/m/it/10 r > \OT1/c
mr/m/n/10 0$ \OT1/cmr/m/it/10 a pravd^^Tepodobnost ^^Susp^^Techu
 []


Underfull \hbox (badness 1831) in paragraph at lines 1583--1584
\OT1/cmr/m/n/10 0 \OML/cmm/m/it/10 < p < \OT1/cmr/m/n/10 1$ \OT1/cmr/m/it/10 na
z^^Syv^^Same $\OML/cmm/m/it/10 f\OT1/cmr/m/n/10 (\OML/cmm/m/it/10 k\OT1/cmr/m/n
/10 ; \OML/cmm/m/it/10 r; p\OT1/cmr/m/n/10 )$\OT1/cmr/m/it/10 , kter^^Se je de-
fi-no-vano dle (7.7) resp.
 []


Underfull \hbox (badness 1681) in paragraph at lines 1583--1584
\OT1/cmr/m/it/10 (7.8), pravd^^Tepodobnostn^^S^^Pm rozd^^Telen^^S^^Pm ne-ga-tiv
n^^S^^Pho bi-no-mick^^Seho rozd^^Telen^^S^^P[].
 []


Underfull \hbox (badness 10000) in paragraph at lines 1600--1601
[]\OT1/cmr/m/it/10 Uva^^Tzujme hod dvan^^Sacti hrac^^S^^Pmi kost-kami. Jak^^Sa 
je
 []


Underfull \hbox (badness 2005) in paragraph at lines 1600--1601
\OT1/cmr/m/it/10 pravd^^Tepodobnost, ^^Tze ka^^Tzd^^Se ^^Tc^^S^^Pslo padne pr^^
Sav^^Te dvakr^^Sat? V tomto p^^Tr^^S^^Ppad^^Te
 []


Underfull \hbox (badness 4072) in paragraph at lines 1600--1601
\OT1/cmr/m/it/10 a v^^Tsechna $\OML/cmm/m/it/10 p[]$ \OT1/cmr/m/it/10 rovna $[]
$. N^^Sami hle-dan^^Sa pravd^^Tepodobnost je tedy rovna
 []

[57] [58

]
Kapitola 8.
File: norm_dens_fce.eps Graphic file (type eps)
<norm_dens_fce.eps>
File: norm_dist_fce.eps Graphic file (type eps)
 <norm_dist_fce.eps> [59]
Overfull \hbox (95.00192pt too wide) has occurred while \output is active
\OT1/cmr/m/n/10 60 \OT1/cmr/m/sl/10 KAPITOLA 8.  NORM[]ALN[]I ROZD[]ELEN[]I JAK
O APROXIMACE BINOMICK[]EHO ROZD[]ELEN[]I
 []

[60] [61] (./feller.aux) ) 
Here is how much of TeX's memory you used:
 3329 strings out of 495028
 37430 string characters out of 1181441
 124819 words of memory out of 3000000
 6479 multiletter control sequences out of 15000+50000
 14068 words of font info for 51 fonts, out of 3000000 for 9000
 38 hyphenation exceptions out of 8191
 30i,11n,37p,1761b,312s stack positions out of 5000i,500n,10000p,200000b,50000s

Output written on feller.dvi (61 pages, 301212 bytes).
