This is pdfTeX, Version 3.1415926-1.40.10 (TeX Live 2009/Debian) (format=latex 2010.5.8)  2 AUG 2010 20:49
entering extended mode
 restricted \write18 enabled.
 %&-line parsing enabled.
**fabozzi.tex
(./fabozzi.tex
LaTeX2e <2009/09/24>
Babel <v3.8l> and hyphenation patterns for english, usenglishmax, dumylang, noh
yphenation, loaded.
(/usr/share/texmf-texlive/tex/latex/base/book.cls
Document Class: book 2007/10/19 v1.4h Standard LaTeX document class
(/usr/share/texmf-texlive/tex/latex/base/bk10.clo
File: bk10.clo 2007/10/19 v1.4h Standard LaTeX file (size option)
)
\c@part=\count79
\c@chapter=\count80
\c@section=\count81
\c@subsection=\count82
\c@subsubsection=\count83
\c@paragraph=\count84
\c@subparagraph=\count85
\c@figure=\count86
\c@table=\count87
\abovecaptionskip=\skip41
\belowcaptionskip=\skip42
\bibindent=\dimen102
)
(/usr/share/texmf-texlive/tex/generic/babel/babel.sty
Package: babel 2008/07/06 v3.8l The Babel package

(/usr/share/texmf-texlive/tex/generic/babel/czech.ldf
Language: czech 2008/07/06 v3.1a Czech support from the babel system

(/usr/share/texmf-texlive/tex/generic/babel/babel.def
File: babel.def 2008/07/06 v3.8l Babel common definitions
\babel@savecnt=\count88
\U@D=\dimen103
)

Package babel Warning: No hyphenation patterns were loaded for
(babel)                the language `Czech'
(babel)                I will use the patterns loaded for \language=0 instead.

\l@czech = a dialect from \language0
Package babel Info: Making " an active character on input line 172.
\cs@wordlen=\count89
Package babel Info: Making - an active character on input line 226.
)) (/usr/share/texmf-texlive/tex/latex/base/inputenc.sty
Package: inputenc 2008/03/30 v1.1d Input encoding file
\inpenc@prehook=\toks14
\inpenc@posthook=\toks15

(/usr/share/texmf-texlive/tex/latex/base/utf8.def
File: utf8.def 2008/04/05 v1.1m UTF-8 support for inputenc
Now handling font encoding OML ...
... no UTF-8 mapping file for font encoding OML
Now handling font encoding T1 ...
... processing UTF-8 mapping file for font encoding T1

(/usr/share/texmf-texlive/tex/latex/base/t1enc.dfu
File: t1enc.dfu 2008/04/05 v1.1m UTF-8 support for inputenc
   defining Unicode char U+00A1 (decimal 161)
   defining Unicode char U+00A3 (decimal 163)
   defining Unicode char U+00AB (decimal 171)
   defining Unicode char U+00BB (decimal 187)
   defining Unicode char U+00BF (decimal 191)
   defining Unicode char U+00C0 (decimal 192)
   defining Unicode char U+00C1 (decimal 193)
   defining Unicode char U+00C2 (decimal 194)
   defining Unicode char U+00C3 (decimal 195)
   defining Unicode char U+00C4 (decimal 196)
   defining Unicode char U+00C5 (decimal 197)
   defining Unicode char U+00C6 (decimal 198)
   defining Unicode char U+00C7 (decimal 199)
   defining Unicode char U+00C8 (decimal 200)
   defining Unicode char U+00C9 (decimal 201)
   defining Unicode char U+00CA (decimal 202)
   defining Unicode char U+00CB (decimal 203)
   defining Unicode char U+00CC (decimal 204)
   defining Unicode char U+00CD (decimal 205)
   defining Unicode char U+00CE (decimal 206)
   defining Unicode char U+00CF (decimal 207)
   defining Unicode char U+00D0 (decimal 208)
   defining Unicode char U+00D1 (decimal 209)
   defining Unicode char U+00D2 (decimal 210)
   defining Unicode char U+00D3 (decimal 211)
   defining Unicode char U+00D4 (decimal 212)
   defining Unicode char U+00D5 (decimal 213)
   defining Unicode char U+00D6 (decimal 214)
   defining Unicode char U+00D8 (decimal 216)
   defining Unicode char U+00D9 (decimal 217)
   defining Unicode char U+00DA (decimal 218)
   defining Unicode char U+00DB (decimal 219)
   defining Unicode char U+00DC (decimal 220)
   defining Unicode char U+00DD (decimal 221)
   defining Unicode char U+00DE (decimal 222)
   defining Unicode char U+00DF (decimal 223)
   defining Unicode char U+00E0 (decimal 224)
   defining Unicode char U+00E1 (decimal 225)
   defining Unicode char U+00E2 (decimal 226)
   defining Unicode char U+00E3 (decimal 227)
   defining Unicode char U+00E4 (decimal 228)
   defining Unicode char U+00E5 (decimal 229)
   defining Unicode char U+00E6 (decimal 230)
   defining Unicode char U+00E7 (decimal 231)
   defining Unicode char U+00E8 (decimal 232)
   defining Unicode char U+00E9 (decimal 233)
   defining Unicode char U+00EA (decimal 234)
   defining Unicode char U+00EB (decimal 235)
   defining Unicode char U+00EC (decimal 236)
   defining Unicode char U+00ED (decimal 237)
   defining Unicode char U+00EE (decimal 238)
   defining Unicode char U+00EF (decimal 239)
   defining Unicode char U+00F0 (decimal 240)
   defining Unicode char U+00F1 (decimal 241)
   defining Unicode char U+00F2 (decimal 242)
   defining Unicode char U+00F3 (decimal 243)
   defining Unicode char U+00F4 (decimal 244)
   defining Unicode char U+00F5 (decimal 245)
   defining Unicode char U+00F6 (decimal 246)
   defining Unicode char U+00F8 (decimal 248)
   defining Unicode char U+00F9 (decimal 249)
   defining Unicode char U+00FA (decimal 250)
   defining Unicode char U+00FB (decimal 251)
   defining Unicode char U+00FC (decimal 252)
   defining Unicode char U+00FD (decimal 253)
   defining Unicode char U+00FE (decimal 254)
   defining Unicode char U+00FF (decimal 255)
   defining Unicode char U+0102 (decimal 258)
   defining Unicode char U+0103 (decimal 259)
   defining Unicode char U+0104 (decimal 260)
   defining Unicode char U+0105 (decimal 261)
   defining Unicode char U+0106 (decimal 262)
   defining Unicode char U+0107 (decimal 263)
   defining Unicode char U+010C (decimal 268)
   defining Unicode char U+010D (decimal 269)
   defining Unicode char U+010E (decimal 270)
   defining Unicode char U+010F (decimal 271)
   defining Unicode char U+0110 (decimal 272)
   defining Unicode char U+0111 (decimal 273)
   defining Unicode char U+0118 (decimal 280)
   defining Unicode char U+0119 (decimal 281)
   defining Unicode char U+011A (decimal 282)
   defining Unicode char U+011B (decimal 283)
   defining Unicode char U+011E (decimal 286)
   defining Unicode char U+011F (decimal 287)
   defining Unicode char U+0130 (decimal 304)
   defining Unicode char U+0131 (decimal 305)
   defining Unicode char U+0132 (decimal 306)
   defining Unicode char U+0133 (decimal 307)
   defining Unicode char U+0139 (decimal 313)
   defining Unicode char U+013A (decimal 314)
   defining Unicode char U+013D (decimal 317)
   defining Unicode char U+013E (decimal 318)
   defining Unicode char U+0141 (decimal 321)
   defining Unicode char U+0142 (decimal 322)
   defining Unicode char U+0143 (decimal 323)
   defining Unicode char U+0144 (decimal 324)
   defining Unicode char U+0147 (decimal 327)
   defining Unicode char U+0148 (decimal 328)
   defining Unicode char U+014A (decimal 330)
   defining Unicode char U+014B (decimal 331)
   defining Unicode char U+0150 (decimal 336)
   defining Unicode char U+0151 (decimal 337)
   defining Unicode char U+0152 (decimal 338)
   defining Unicode char U+0153 (decimal 339)
   defining Unicode char U+0154 (decimal 340)
   defining Unicode char U+0155 (decimal 341)
   defining Unicode char U+0158 (decimal 344)
   defining Unicode char U+0159 (decimal 345)
   defining Unicode char U+015A (decimal 346)
   defining Unicode char U+015B (decimal 347)
   defining Unicode char U+015E (decimal 350)
   defining Unicode char U+015F (decimal 351)
   defining Unicode char U+0160 (decimal 352)
   defining Unicode char U+0161 (decimal 353)
   defining Unicode char U+0162 (decimal 354)
   defining Unicode char U+0163 (decimal 355)
   defining Unicode char U+0164 (decimal 356)
   defining Unicode char U+0165 (decimal 357)
   defining Unicode char U+016E (decimal 366)
   defining Unicode char U+016F (decimal 367)
   defining Unicode char U+0170 (decimal 368)
   defining Unicode char U+0171 (decimal 369)
   defining Unicode char U+0178 (decimal 376)
   defining Unicode char U+0179 (decimal 377)
   defining Unicode char U+017A (decimal 378)
   defining Unicode char U+017B (decimal 379)
   defining Unicode char U+017C (decimal 380)
   defining Unicode char U+017D (decimal 381)
   defining Unicode char U+017E (decimal 382)
   defining Unicode char U+200C (decimal 8204)
   defining Unicode char U+2013 (decimal 8211)
   defining Unicode char U+2014 (decimal 8212)
   defining Unicode char U+2018 (decimal 8216)
   defining Unicode char U+2019 (decimal 8217)
   defining Unicode char U+201A (decimal 8218)
   defining Unicode char U+201C (decimal 8220)
   defining Unicode char U+201D (decimal 8221)
   defining Unicode char U+201E (decimal 8222)
   defining Unicode char U+2030 (decimal 8240)
   defining Unicode char U+2031 (decimal 8241)
   defining Unicode char U+2039 (decimal 8249)
   defining Unicode char U+203A (decimal 8250)
   defining Unicode char U+2423 (decimal 9251)
)
Now handling font encoding OT1 ...
... processing UTF-8 mapping file for font encoding OT1

(/usr/share/texmf-texlive/tex/latex/base/ot1enc.dfu
File: ot1enc.dfu 2008/04/05 v1.1m UTF-8 support for inputenc
   defining Unicode char U+00A1 (decimal 161)
   defining Unicode char U+00A3 (decimal 163)
   defining Unicode char U+00B8 (decimal 184)
   defining Unicode char U+00BF (decimal 191)
   defining Unicode char U+00C5 (decimal 197)
   defining Unicode char U+00C6 (decimal 198)
   defining Unicode char U+00D8 (decimal 216)
   defining Unicode char U+00DF (decimal 223)
   defining Unicode char U+00E6 (decimal 230)
   defining Unicode char U+00EC (decimal 236)
   defining Unicode char U+00ED (decimal 237)
   defining Unicode char U+00EE (decimal 238)
   defining Unicode char U+00EF (decimal 239)
   defining Unicode char U+00F8 (decimal 248)
   defining Unicode char U+0131 (decimal 305)
   defining Unicode char U+0141 (decimal 321)
   defining Unicode char U+0142 (decimal 322)
   defining Unicode char U+0152 (decimal 338)
   defining Unicode char U+0153 (decimal 339)
   defining Unicode char U+2013 (decimal 8211)
   defining Unicode char U+2014 (decimal 8212)
   defining Unicode char U+2018 (decimal 8216)
   defining Unicode char U+2019 (decimal 8217)
   defining Unicode char U+201C (decimal 8220)
   defining Unicode char U+201D (decimal 8221)
)
Now handling font encoding OMS ...
... processing UTF-8 mapping file for font encoding OMS

(/usr/share/texmf-texlive/tex/latex/base/omsenc.dfu
File: omsenc.dfu 2008/04/05 v1.1m UTF-8 support for inputenc
   defining Unicode char U+00A7 (decimal 167)
   defining Unicode char U+00B6 (decimal 182)
   defining Unicode char U+00B7 (decimal 183)
   defining Unicode char U+2020 (decimal 8224)
   defining Unicode char U+2021 (decimal 8225)
   defining Unicode char U+2022 (decimal 8226)
)
Now handling font encoding OMX ...
... no UTF-8 mapping file for font encoding OMX
Now handling font encoding U ...
... no UTF-8 mapping file for font encoding U
   defining Unicode char U+00A9 (decimal 169)
   defining Unicode char U+00AA (decimal 170)
   defining Unicode char U+00AE (decimal 174)
   defining Unicode char U+00BA (decimal 186)
   defining Unicode char U+02C6 (decimal 710)
   defining Unicode char U+02DC (decimal 732)
   defining Unicode char U+200C (decimal 8204)
   defining Unicode char U+2026 (decimal 8230)
   defining Unicode char U+2122 (decimal 8482)
   defining Unicode char U+2423 (decimal 9251)
))
(/usr/share/texmf-texlive/tex/latex/pstricks/pstricks.sty
Package: pstricks 2008/11/26 v0.40 LaTeX wrapper for `PSTricks' (RN,HV)

(/usr/share/texmf-texlive/tex/generic/pstricks/pstricks.tex
`PSTricks' v1.29  <2009/05/19> (tvz)
\pst@dima=\dimen104
\pst@dimb=\dimen105
\pst@dimc=\dimen106
\pst@dimd=\dimen107
\pst@dimg=\dimen108
\pst@dimh=\dimen109
\pst@hbox=\box26
\pst@boxg=\box27
\pst@cnta=\count90
\pst@cntb=\count91
\pst@cntc=\count92
\pst@cntd=\count93
\pst@cntg=\count94
\pst@cnth=\count95
\pst@toks=\toks16
(/usr/share/texmf-texlive/tex/generic/pstricks/pstricks.con)
\psunit=\dimen110
\psxunit=\dimen111
\psyunit=\dimen112
\pslinewidth=\dimen113
\pst@customdefs=\toks17
\pslinearc=\dimen114
\everypsbox=\toks18
\psframesep=\dimen115
\pslabelsep=\dimen116
\pst@shift=\dimen117
\theoverlaybox=\box28
)
File: pstricks.tex 2009/05/19 v1.29 `PSTricks' (tvz,hv)

(/usr/share/texmf/tex/latex/xcolor/xcolor.sty
Package: xcolor 2007/01/21 v2.11 LaTeX color extensions (UK)

(/etc/texmf/tex/latex/config/color.cfg
File: color.cfg 2007/01/18 v1.5 color configuration of teTeX/TeXLive
)
Package xcolor Info: Driver file: dvips.def on input line 225.

(/usr/share/texmf-texlive/tex/latex/graphics/dvips.def
File: dvips.def 1999/02/16 v3.0i Driver-dependant file (DPC,SPQR)
)
Package xcolor Info: Model `cmy' substituted by `cmy0' on input line 1337.
Package xcolor Info: Model `RGB' extended on input line 1353.
Package xcolor Info: Model `HTML' substituted by `rgb' on input line 1355.
Package xcolor Info: Model `Hsb' substituted by `hsb' on input line 1356.
Package xcolor Info: Model `tHsb' substituted by `hsb' on input line 1357.
Package xcolor Info: Model `HSB' substituted by `hsb' on input line 1358.
Package xcolor Info: Model `Gray' substituted by `gray' on input line 1359.
Package xcolor Info: Model `wave' substituted by `hsb' on input line 1360.
))
(/usr/share/texmf-texlive/tex/latex/amsmath/amsmath.sty
Package: amsmath 2000/07/18 v2.13 AMS math features
\@mathmargin=\skip43

For additional information on amsmath, use the `?' option.
(/usr/share/texmf-texlive/tex/latex/amsmath/amstext.sty
Package: amstext 2000/06/29 v2.01

(/usr/share/texmf-texlive/tex/latex/amsmath/amsgen.sty
File: amsgen.sty 1999/11/30 v2.0
\@emptytoks=\toks19
\ex@=\dimen118
))
(/usr/share/texmf-texlive/tex/latex/amsmath/amsbsy.sty
Package: amsbsy 1999/11/29 v1.2d
\pmbraise@=\dimen119
)
(/usr/share/texmf-texlive/tex/latex/amsmath/amsopn.sty
Package: amsopn 1999/12/14 v2.01 operator names
)
\inf@bad=\count96
LaTeX Info: Redefining \frac on input line 211.
\uproot@=\count97
\leftroot@=\count98
LaTeX Info: Redefining \overline on input line 307.
\classnum@=\count99
\DOTSCASE@=\count100
LaTeX Info: Redefining \ldots on input line 379.
LaTeX Info: Redefining \dots on input line 382.
LaTeX Info: Redefining \cdots on input line 467.
\Mathstrutbox@=\box29
\strutbox@=\box30
\big@size=\dimen120
LaTeX Font Info:    Redeclaring font encoding OML on input line 567.
LaTeX Font Info:    Redeclaring font encoding OMS on input line 568.
\macc@depth=\count101
\c@MaxMatrixCols=\count102
\dotsspace@=\muskip10
\c@parentequation=\count103
\dspbrk@lvl=\count104
\tag@help=\toks20
\row@=\count105
\column@=\count106
\maxfields@=\count107
\andhelp@=\toks21
\eqnshift@=\dimen121
\alignsep@=\dimen122
\tagshift@=\dimen123
\tagwidth@=\dimen124
\totwidth@=\dimen125
\lineht@=\dimen126
\@envbody=\toks22
\multlinegap=\skip44
\multlinetaggap=\skip45
\mathdisplay@stack=\toks23
LaTeX Info: Redefining \[ on input line 2666.
LaTeX Info: Redefining \] on input line 2667.
)
(/usr/share/texmf-texlive/tex/latex/graphics/graphicx.sty
Package: graphicx 1999/02/16 v1.0f Enhanced LaTeX Graphics (DPC,SPQR)

(/usr/share/texmf-texlive/tex/latex/graphics/keyval.sty
Package: keyval 1999/03/16 v1.13 key=value parser (DPC)
\KV@toks@=\toks24
)
(/usr/share/texmf-texlive/tex/latex/graphics/graphics.sty
Package: graphics 2009/02/05 v1.0o Standard LaTeX Graphics (DPC,SPQR)

(/usr/share/texmf-texlive/tex/latex/graphics/trig.sty
Package: trig 1999/03/16 v1.09 sin cos tan (DPC)
)
(/etc/texmf/tex/latex/config/graphics.cfg
File: graphics.cfg 2009/08/28 v1.8 graphics configuration of TeX Live
)
Package graphics Info: Driver file: dvips.def on input line 91.
)
\Gin@req@height=\dimen127
\Gin@req@width=\dimen128
)
(/usr/share/texmf-texlive/tex/latex/multirow/multirow.sty
\bigstrutjot=\dimen129
) (./fabozzi.aux

LaTeX Warning: Label `spot_curve' multiply defined.

)
\openout1 = `fabozzi.aux'.

LaTeX Font Info:    Checking defaults for OML/cmm/m/it on input line 12.
LaTeX Font Info:    ... okay on input line 12.
LaTeX Font Info:    Checking defaults for T1/cmr/m/n on input line 12.
LaTeX Font Info:    ... okay on input line 12.
LaTeX Font Info:    Checking defaults for OT1/cmr/m/n on input line 12.
LaTeX Font Info:    ... okay on input line 12.
LaTeX Font Info:    Checking defaults for OMS/cmsy/m/n on input line 12.
LaTeX Font Info:    ... okay on input line 12.
LaTeX Font Info:    Checking defaults for OMX/cmex/m/n on input line 12.
LaTeX Font Info:    ... okay on input line 12.
LaTeX Font Info:    Checking defaults for U/cmr/m/n on input line 12.
LaTeX Font Info:    ... okay on input line 12.
 [1


] [2

] (./fabozzi.toc [3] [4] [5] [6])
\tf@toc=\write3
\openout3 = `fabozzi.toc'.

 [7] [8

]
Kapitola 1.
[9] [10] [11] [12] [13] [14

]
Kapitola 2.
LaTeX Font Info:    Try loading font information for OMS+cmr on input line 128.

(/usr/share/texmf-texlive/tex/latex/base/omscmr.fd
File: omscmr.fd 1999/05/25 v2.5h Standard LaTeX font definitions
)
LaTeX Font Info:    Font shape `OMS/cmr/m/n' in size <10> not available
(Font)              Font shape `OMS/cmsy/m/n' tried instead on input line 128.

Underfull \hbox (badness 2941) in paragraph at lines 145--146
[]\OT1/cmr/m/n/10 Uva^^Tzujme plain-vanilla dluhopis s kup^^Sonovou sazbou 6.0%
 a ro^^Tcn^^S^^P
 []

[15]
Underfull \hbox (badness 1137) in paragraph at lines 147--147
[]\OT1/cmr/bx/n/12 Faktory ovliv^^Tnuj^^S^^Pc^^S^^P m^^S^^Pru citlivosti dluhop
isu na
 []


Underfull \hbox (badness 10000) in paragraph at lines 165--165
[]\OT1/cmr/bx/n/12 M^^Te^^Tren^^S^^P m^^S^^Pry citlivosti dluhopisu na zm^^Tenu

 []

[16] [17]
Underfull \hbox (badness 10000) in paragraph at lines 210--211
\OT1/cmr/m/n/10 V pr^^Wub^^Tehu ^^Tzivotnosti dluhopisu m^^Wu^^Tze doj^^S^^Pt k
e zm^^Ten^^Te o^^Tcek^^Savan^^Se
 []


Underfull \hbox (badness 1478) in paragraph at lines 210--211
\OT1/cmr/m/n/10 jsou obecn^^Te pova^^Tzov^^Sany za bezrizikov^^Se. Rozd^^S^^Pl 
mezi ob^^Tema v^^Synosov^^Symi
 []

[18]
Underfull \hbox (badness 1509) in paragraph at lines 273--274
\OT1/cmr/m/n/10 se tak m^^Wu^^Tze p^^Tresunout do vy^^Ts^^Ts^^S^^P pop^^Tr. ni^
^Tz^^Ts^^S^^P ratin-gov^^Se skupiny. Sn^^S^^P^^Tzen^^S^^P
 []


Overfull \hbox (27.88858pt too wide) in paragraph at lines 275--286
 [] 
 []


Underfull \vbox (badness 3954) has occurred while \output is active []

 [19]
[20] [21] [22

]
Kapitola 3.

Underfull \hbox (badness 2293) in paragraph at lines 333--334
\OT1/cmr/m/n/10 Z pohledu jed-notliv^^Sych zem^^S^^P lze rozd^^Telit dluhopisov
^^Se trhy na n^^Sarodn^^S^^P
 []

[23]
Underfull \vbox (badness 1199) has occurred while \output is active []

 [24]
[25] [26] [27] [28]
Kapitola 4.
[29

]
Underfull \hbox (badness 1960) in paragraph at lines 446--447
\OT1/cmr/m/n/10 rez-erv pat^^Tr^^S^^P mezi m^^Sen^^Te pou^^Tz^^S^^Pvan^^Se n^^S
astroje. Povinn^^Se minim^^Saln^^S^^P rez-ervy
 []


Underfull \hbox (badness 1270) in paragraph at lines 462--463
\OT1/cmr/m/n/10 in-vestory, riziko in-flace, riziko ne^^Tcekan^^Sych ud^^Salost
^^S^^P, p^^Tr^^S^^Ppadn^^Te tak^^Se riziko
 []

[30] [31]
Underfull \hbox (badness 1264) in paragraph at lines 484--485
[]\OT1/cmr/m/n/10 Majitel^^Se vl^^Sadn^^S^^Pch stripov^^Sych dluhopis^^Wu, stej
n^^Te jako v^^Tsech diskontn^^S^^Pch
 []

[32]
Underfull \hbox (badness 1874) in paragraph at lines 511--512
[]\OT1/cmr/m/n/10 V^^Synosov^^Sy spread se li^^Ts^^S^^P ne-jen pro jed-notliv^^
Se seg-menty ko-r-por^^Satn^^S^^Pch
 []


Underfull \hbox (badness 2119) in paragraph at lines 513--514
[]\OT1/cmr/m/n/10 V^^Synosov^^Sy spread m^^Wu^^Tze b^^Syt kr^^Satkodob^^Te ovli
vn^^Ten nerovnov^^Sahou mezi
 []

[33] [34]
Kapitola 5.
[35

] [36]
Underfull \hbox (badness 1635) in paragraph at lines 576--577
[]\OT1/cmr/m/n/10 kup^^Sonov^^Sa sazba vy^^Ts^^Ts^^S^^P ne^^Tz po^^Tzadovan^^Sa
 v^^Synosov^^Sa m^^S^^Pra, je dluhopis
 []

[37]
Underfull \hbox (badness 1681) in paragraph at lines 640--641
[]\OT1/cmr/m/n/10 V p^^Tredchoz^^S^^Pch p^^Tr^^S^^Pkladech jsme uva^^Tzovali dl
uhopisy s ro^^Tcn^^S^^P v^^Syplatou
 []


Underfull \vbox (badness 1389) has occurred while \output is active []

 [38]
Underfull \hbox (badness 1102) in paragraph at lines 667--669
\OT1/cmr/m/n/10 sazeb a sou^^Tcasn^^Se hod-noty nomin^^Salu. Ap-likac^^S^^P t^^
Seto rovnice na mod-e-lov^^Sy
 []

[39] [40] [41] [42]
Overfull \hbox (46.39963pt too wide) in paragraph at lines 800--816
 [] 
 []


Overfull \hbox (40.04413pt too wide) in paragraph at lines 819--835
 [] 
 []

[43] [44]
Kapitola 6.

Underfull \hbox (badness 2538) in paragraph at lines 872--873
[]\OT1/cmr/m/n/10 Odhl^^Sedneme-li od kup^^Sonov^^Sych plateb, m^^Wu^^Tze in-ve
stor z^^S^^Pskat fi-nan^^Tcn^^S^^P
 []

[45

] [46]
Underfull \hbox (badness 4001) in paragraph at lines 924--926
\OT1/cmr/m/n/10 Kup^^Sonov^^Sy v^^Synos, kter^^Sy je p^^Tredstavov^^San prost^^
Sym sou^^Tctem obdr^^Tzen^^Sych
 []


Underfull \hbox (badness 3942) in paragraph at lines 939--940
[]\OT1/cmr/m/n/10 V^^Synos do splat-nosti vypo^^Tcten^^Sy v^^Sy^^Tse uve-den^^S
ym zp^^Wusobem m^^Wu^^Tzeme
 []

[47] [48]
Underfull \hbox (badness 1655) in paragraph at lines 976--977
[]\OT1/cmr/m/n/10 Hlavn^^S^^P nev^^Syhodou spreadov^^Seho v^^Synosu je skute^^T
cnost, ^^Tze nezachy-cuje
 []


Overfull \hbox (20.05759pt too wide) in paragraph at lines 984--995
 [] 
 []

[49] [50] [51]
File: spot_curve.eps Graphic file (type eps)
 <spot_curve.eps> [52] [53] [54]
File: forward_curve.eps Graphic file (type eps)
 <forward_curve.eps> [55]
[56]
Kapitola 7.

Underfull \hbox (badness 4084) in paragraph at lines 1225--1226
\OT1/cmr/m/n/10 Prvn^^S^^P metodou, kter^^Sa n^^Sas v sou-vis-losti s kvan-tifi
kac^^S^^P ^^Surokov^^Se rizika
 []


Underfull \hbox (badness 1292) in paragraph at lines 1231--1232
\OT1/cmr/m/n/10 v^^Synosov^^Se m^^S^^Pry do splat-nosti. Tuto aprox-i-maci lze 
d^^Sale zp^^Tresnit po-moc^^S^^P
 []


Underfull \vbox (badness 1622) has occurred while \output is active []

 [57

]
[58] [59] [60] [61]
File: duration_convexity.eps Graphic file (type eps)
 <duration_convexity.eps>
Overfull \hbox (15.59718pt too wide) in paragraph at lines 1466--1467
 [][] 
 []

[62] [63] [64] [65] [66] [67]
Underfull \hbox (badness 1990) in paragraph at lines 1629--1630
\OT1/cmr/m/n/10 maj^^S^^P p^^Wulro^^Tcn^^S^^P frekvenci v^^Syplaty kup^^Son^^Wu
, zbytkovou splat-nost de-set let,
 []

[68]
Kapitola 8.

Underfull \hbox (badness 1281) in paragraph at lines 1639--1640
\OT1/cmr/m/n/10 zkon-struo-van^^Se ze st^^Satn^^S^^Pch dluhopis^^Wu. []Casovou 
struk-turou spo-tov^^Se k^^Trivky
 []

[69

]
Overfull \hbox (22.64063pt too wide) has occurred while \output is active
\OT1/cmr/m/n/10 70 \OT1/cmr/m/sl/10 KAPITOLA 8.  []CASOV[]A STRUKTURA A VOLATIL
ITA []UROKOV[]YCH SAZEB
 []

[70] [71]
Overfull \hbox (22.64063pt too wide) has occurred while \output is active
\OT1/cmr/m/n/10 72 \OT1/cmr/m/sl/10 KAPITOLA 8.  []CASOV[]A STRUKTURA A VOLATIL
ITA []UROKOV[]YCH SAZEB
 []

[72]
Underfull \hbox (badness 1014) in paragraph at lines 1770--1771
\OT1/cmr/m/n/10 t^^Tr^^S^^Pm^^Tes^^S^^P^^Tcn^^S^^P ^^Surokovou fu-tures EUR-LIF
FE s datem vypo^^Tr^^Sad^^San^^S^^P 30.03.2010.
 []

[73]
Overfull \hbox (22.64063pt too wide) has occurred while \output is active
\OT1/cmr/m/n/10 74 \OT1/cmr/m/sl/10 KAPITOLA 8.  []CASOV[]A STRUKTURA A VOLATIL
ITA []UROKOV[]YCH SAZEB
 []

[74]
Underfull \hbox (badness 1292) in paragraph at lines 1830--1831
\OT1/cmr/m/n/10 a spl^^Satku nomin^^Saln^^S^^P hod-noty. Rel-a-tivn^^S^^P du-ra
ce diskontn^^S^^Pho dluhopisu je
 []


Overfull \hbox (32.91632pt too wide) has occurred while \output is active
\OT1/cmr/m/sl/10 8.5.  M[]E[]REN[]I RIZIKA SPOJEN[]EHO SE ZM[]ENOU PROFILU SPOT
OV[]E K[]RIVKY \OT1/cmr/m/n/10 75
 []

[75]
Underfull \hbox (badness 1521) in paragraph at lines 1852--1853
\OT1/cmr/m/n/10 Pokud by-chom cht^^Teli kvan-tifiko-vat ex-pozici dluhopisov^^S
eho port-fo-lia v^^Wu^^Tci
 []


Overfull \hbox (22.64063pt too wide) has occurred while \output is active
\OT1/cmr/m/n/10 76 \OT1/cmr/m/sl/10 KAPITOLA 8.  []CASOV[]A STRUKTURA A VOLATIL
ITA []UROKOV[]YCH SAZEB
 []

[76] [77]
Underfull \hbox (badness 1648) in paragraph at lines 1895--1896
\OT1/cmr/m/n/10 K v^^Sypo^^Tctu bu-douc^^S^^P volatil-ity ^^Surokov^^Sych sazeb
 je t^^Treba ne-jprve odhad-
 []


Overfull \hbox (22.64063pt too wide) has occurred while \output is active
\OT1/cmr/m/n/10 78 \OT1/cmr/m/sl/10 KAPITOLA 8.  []CASOV[]A STRUKTURA A VOLATIL
ITA []UROKOV[]YCH SAZEB
 []

[78]
Kapitola 9.

Underfull \hbox (badness 3471) in paragraph at lines 1911--1912
\OT1/cmr/m/n/10 A^^Tz do-sud jsme oce^^Tnovali pouze plain-vanilla dluhopisy. V
 t^^Seto kapi-
 []


Underfull \hbox (badness 1688) in paragraph at lines 1911--1912
\OT1/cmr/m/n/10 tole se zam^^Te^^Tr^^S^^Pme na dluhopisy s vno^^Trenou opc^^S^^
P, pro je-jich^^Tz oce^^Tnov^^San^^S^^P
 []


Underfull \hbox (badness 5519) in paragraph at lines 1911--1912
\OT1/cmr/m/n/10 dluhopisem, dluhopisem s pr^^Savem zp^^Tetn^^Seho prodeje a kon
-vert-ibiln^^S^^Pm
 []

[79

]
Underfull \hbox (badness 2671) in paragraph at lines 1997--1998
[]\OT1/cmr/m/n/10 Jestli^^Tze zn^^Same v^^Synosovou m^^S^^Pru do splat-nosti fi
xn^^S^^Pho plain-vanilla
 []

[80]
Underfull \hbox (badness 1199) in paragraph at lines 2013--2014
[]\OT1/cmr/m/n/10 Relativn^^S^^P hod-notu fixn^^S^^Pho plain-vanilla dluhopisu 
lze vyj^^Sad^^Trit po-moc^^S^^P
 []


Underfull \hbox (badness 1147) in paragraph at lines 2019--2019
\OT1/cmr/m/n/8 ref-eren^^Tcn^^S^^Pch dluhopis^^Wu, je jeho kon-tribuce do v^^Sy
sledn^^Seho spreadu z^^Saporn^^Sa a naopak.
 []

[81] [82] [83] [84] [85]
Underfull \hbox (badness 10000) in paragraph at lines 2364--2365
\OT1/cmr/m/n/10 Uva^^Tzujme svolatel-nou verzi v^^Sy^^Tse pop-san^^Seho mod-e-l
ov^^Seho dluhopisu.
 []

[86] [87]
Underfull \hbox (badness 1824) in paragraph at lines 2487--2488
\OT1/cmr/m/n/10 P^^Tripome^^Tnme, ^^Tze svolateln^^Se dluhopisy jsou typ-ick^^S
e z^^Sapornou kon-vex-i-tou.
 []

[88] [89] [90]
Underfull \hbox (badness 1189) in paragraph at lines 2708--2709
\OT1/cmr/m/n/10 Vrat[]me se k po-hy-bliv^^Te ^^Suro^^Tcen^^Semu plain-vanilla d
luhopisu z p^^Tredchoz^^S^^Pho
 []

[91]
Underfull \hbox (badness 1043) in paragraph at lines 2806--2807
[]\OT1/cmr/m/n/10 Pod^^S^^Pl emisn^^S^^P ceny kon-vert-ibiln^^S^^Pho dluhopisu 
a kon-vert-ibiln^^S^^Pho pom^^Teru
 []

[92] [93] [94]
Kapitola 10.
[95

] [96] [97] [98]
Underfull \hbox (badness 2635) in paragraph at lines 2927--2928
\OT1/cmr/m/n/10 nomin^^Saln^^S^^P hod-noty dluhopisu zahrnuj^^S^^Pc^^S^^P spl^^
Satky jistiny dle spl^^Satkov^^Seho
 []

[99]
Underfull \hbox (badness 10000) in paragraph at lines 2955--2956

 []


Underfull \hbox (badness 10000) in paragraph at lines 2957--2958

 []


Underfull \hbox (badness 1057) in paragraph at lines 2959--2960
\OT1/cmr/m/n/10 ''odep^^Tren^^Se"platby pos-tupn^^Te navy^^Tsov^^Sana, a proto 
je naz^^Syv^^Same akru^^Saln^^S^^Pmi
 []


Underfull \hbox (badness 10000) in paragraph at lines 2959--2960

 []

[100]
Underfull \hbox (badness 10000) in paragraph at lines 2965--2966

 []


Underfull \hbox (badness 10000) in paragraph at lines 2969--2970

 []


Underfull \vbox (badness 3525) has occurred while \output is active []

 [101]
Underfull \hbox (badness 3977) in paragraph at lines 2985--2986
[]\OT1/cmr/m/n/10 Z^^Sasadn^^S^^Pm rozd^^S^^Plem mezi rezi-den^^Tcn^^S^^Pm a ko
mer^^Tcn^^S^^Pm MBS je riziko
 []

[102] [103]
Underfull \hbox (badness 3323) in paragraph at lines 3034--3035
[]\OT1/cmr/m/n/10 Dal^^Ts^^S^^Pm fak-torem, po-dle kter^^Seho lze klasi-fiko-va
t CDO, je mo-ti-vace
 []

[104] [105] [106

]
Kapitola 11.
[107] [108] [109]
Underfull \hbox (badness 1221) in paragraph at lines 3103--3104
\OT1/cmr/m/n/10 V n^^Sazavnosti na ^^Surokov^^Se sazby je na z^^Saklad^^Te mod-
elu simulov^^Sana m^^S^^Pra
 []

[110] [111]
Underfull \hbox (badness 1824) in paragraph at lines 3164--3165
[]\OT1/cmr/m/n/10 Pro dan^^Sy seku-ri-ti-zo-van^^Sy dluhopis vypo^^Tcteme cash-
flow na z^^Saklad^^Te
 []

[112] [113] [114

]
Kapitola 12.
[115] [116] [117] [118] [119] [120] [121] [122] [123] [124]
Underfull \hbox (badness 1946) in paragraph at lines 3446--3447
\OT1/cmr/m/n/10 ak-tivu. Jestli^^Tze je n^^Sakup pod-kladov^^Seho ak-tiva fi-na
n-cov^^San ^^Suv^^Terem,
 []


Underfull \hbox (badness 1348) in paragraph at lines 3446--3447
\OT1/cmr/m/n/10 p^^Tredstavuje bezrizikov^^Sa ^^Surokov^^Sa sazba n^^Saklady to
-hoto ^^Suv^^Teru. Tyto
 []


Overfull \hbox (8.40312pt too wide) in paragraph at lines 3451--3464
 [] 
 []

[125] [126]
Underfull \hbox (badness 1577) in paragraph at lines 3531--3533
\OT1/cmr/m/n/10 Sou^^Tcasn^^Sa hod-nota uva^^Tzovan^^Se dluhopisov^^Se opce v u
zlu A je pak rovna
 []

[127] [128]
Underfull \hbox (badness 1097) in paragraph at lines 3573--3574
[]\OT1/cmr/m/n/10 Urokov^^Sy cap a floor m^^Wu^^Tze b^^Syt zkom-bi-nov^^San do 
tzv. ^^Surokov^^Seho col-laru.
 []

[129] [130]
Kapitola 13.
[131

]
Underfull \hbox (badness 5203) in paragraph at lines 3711--3712
\OT1/cmr/m/n/10 Ratingov^^Se agen-tury vyd^^Savaj^^S^^P tzv. p^^Trechodov^^Se m
at-ice, kter^^Se vy-jad^^Truj^^S^^P
 []


Overfull \hbox (20.00041pt too wide) in paragraph at lines 3713--3728
 [] 
 []

[132]
Underfull \hbox (badness 10000) in paragraph at lines 3759--3760

 []

[133]
Overfull \hbox (15.82689pt too wide) in paragraph at lines 3781--3782
[]\OT1/cmr/m/n/10 m^^S^^Pra celkov^^Seho zadlu^^Tzen^^S^^P - $[]$ 
 []


Underfull \hbox (badness 1122) in paragraph at lines 3783--3784
\OT1/cmr/m/n/10 zisku vzh-le-dem k fi-nan^^Tcn^^S^^Pm z^^Savazk^^Wu dlu^^Tzn^^S
^^Pka. Tyto ukaza-tele jsou
 []

[134] [135]
Underfull \hbox (badness 1226) in paragraph at lines 3839--3840
\OT1/cmr/m/n/10 Kreditn^^S^^P sk^^Soringov^^Se mod-ely jsou zalo^^Tzeny na v^^S
^^Pcerozm^^Tern^^Se diskrim-ina^^Tcn^^S^^P
 []

[136] [137]
Underfull \hbox (badness 1442) in paragraph at lines 3881--3882
[]\OT1/cmr/m/n/10 Naproti tomu reku-dovan^^Se mod-ely se nezab^^Syvaj^^S^^P t^^
S^^Pm, jak to vy-pad^^Sa
 []

[138]
Kapitola 14.

Underfull \hbox (badness 1033) in paragraph at lines 3891--3892
\OT1/cmr/m/n/10 C^^S^^Plem por-fo-lio man-age-mentu je vytvo^^Trit port-fo-lio,
 kter^^Se bude odpov^^S^^Pdat
 []

[139

]
Underfull \hbox (badness 2050) in paragraph at lines 3912--3913
\OT1/cmr/m/n/10 P^^Tri stanovov^^San^^S^^P in-vesti^^Tcn^^S^^Pch c^^S^^Pl^^Wu j
e port-fo-lio mana^^Tzer zpravidla sv^^Saz^^San
 []

[140] [141]
Underfull \hbox (badness 1158) in paragraph at lines 3971--3973
\OT1/cmr/m/n/10 m^^S^^Pry m^^Wu^^Tze v^^S^^Pce odpov^^S^^Pdat asy-met-rick^^Se 
pravd^^Tepodobnost^^S^^P rozd^^Telen^^S^^P pop^^Tr.
 []

[142]
Underfull \hbox (badness 1112) in paragraph at lines 4000--4001
[]\OT1/cmr/m/n/10 Jak his-torick^^Sa tak odhadovan^^Sa m^^S^^Pra od-chylky maj^
^S^^P sv^^Se vyu^^Tzit^^S^^P. His-
 []

[143]
Underfull \hbox (badness 1502) in paragraph at lines 4021--4022
[]\OT1/cmr/m/n/10 V^^Sypo^^Tcet du-race port-fo-lia za^^Tc^^S^^Pn^^Sa v^^Sypo^^
Tctem du-rac^^S^^P jeho pod-kladov^^Sych
 []

[144]
Underfull \hbox (badness 7468) in paragraph at lines 4033--4034
[]\OT1/cmr/m/n/10 Vhodn^^Tej^^Ts^^S^^Pm p^^Tr^^S^^Pstupem je v^^Sypo^^Tcet tzv.
 kred-itn^^S^^P du-race port-fo-lia.
 []


Underfull \hbox (badness 6927) in paragraph at lines 4037--4038
\OT1/cmr/m/n/10 Sekuritizovan^^Se dluhopisy p^^Tredstavuj^^S^^P sv^^Sym ob-je-m
em p^^Tribli^^Tzn^^Te t^^Tretinu
 []

[145]
Underfull \hbox (badness 4132) in paragraph at lines 4059--4060
[]\OT1/cmr/m/n/10 I v p^^Tr^^S^^Ppad^^Te ak-tivn^^S^^P in-vesti^^Tcn^^S^^P stra
te-gie zpravidla ex-is-tuj^^S^^P omezen^^S^^P
 []

[146] [147] [148]
Overfull \hbox (1.50975pt too wide) in paragraph at lines 4131--4142
 [] 
 []


Underfull \vbox (badness 1297) has occurred while \output is active []

 [149]
Overfull \hbox (1.50975pt too wide) in paragraph at lines 4145--4156
 [] 
 []


Overfull \hbox (1.50975pt too wide) in paragraph at lines 4159--4170
 [] 
 []

[150] [151]
Underfull \hbox (badness 1168) in paragraph at lines 4268--4269
\OT1/cmr/m/n/10 vestora s p^^Tetilet^^Sym in-vesti^^Tcn^^S^^Pm hor-i-zon-tem, k
ter^^Sy je ochoten ak-cep-to-vat
 []

[152] [153] (./fabozzi.aux)

LaTeX Warning: There were multiply-defined labels.

 ) 
Here is how much of TeX's memory you used:
 3315 strings out of 495062
 37650 string characters out of 1182645
 134143 words of memory out of 3000000
 6467 multiletter control sequences out of 15000+50000
 11941 words of font info for 42 fonts, out of 3000000 for 9000
 28 hyphenation exceptions out of 8191
 30i,12n,37p,2282b,310s stack positions out of 5000i,500n,10000p,200000b,50000s

Output written on fabozzi.dvi (153 pages, 907152 bytes).
