This is pdfTeXk, Version 3.141592-1.40.3 (Web2C 7.5.6) (format=latex 2009.4.25)  16 JUN 2009 18:21
entering extended mode
 %&-line parsing enabled.
**wilmott.tex
(./wilmott.tex
LaTeX2e <2005/12/01>
Babel <v3.8h> and hyphenation patterns for english, usenglishmax, dumylang, noh
yphenation, loaded.
(/usr/share/texmf-texlive/tex/latex/base/book.cls
Document Class: book 2005/09/16 v1.4f Standard LaTeX document class
(/usr/share/texmf-texlive/tex/latex/base/bk10.clo
File: bk10.clo 2005/09/16 v1.4f Standard LaTeX file (size option)
)
\c@part=\count79
\c@chapter=\count80
\c@section=\count81
\c@subsection=\count82
\c@subsubsection=\count83
\c@paragraph=\count84
\c@subparagraph=\count85
\c@figure=\count86
\c@table=\count87
\abovecaptionskip=\skip41
\belowcaptionskip=\skip42
\bibindent=\dimen102
)
(/usr/share/texmf-texlive/tex/generic/babel/babel.sty
Package: babel 2005/11/23 v3.8h The Babel package

(/usr/share/texmf-texlive/tex/generic/babel/czech.ldf
Language: czech 2005/03/29 v1.3k Czech support from the babel system

(/usr/share/texmf-texlive/tex/generic/babel/babel.def
File: babel.def 2005/11/23 v3.8h Babel common definitions
\babel@savecnt=\count88
\U@D=\dimen103
)

Package babel Warning: No hyphenation patterns were loaded for
(babel)                the language `Czech'
(babel)                I will use the patterns loaded for \language=0 instead.

\l@czech = a dialect from \language0
)) (/usr/share/texmf-texlive/tex/latex/base/inputenc.sty
Package: inputenc 2006/05/05 v1.1b Input encoding file
\inpenc@prehook=\toks14
\inpenc@posthook=\toks15

(/usr/share/texmf-texlive/tex/latex/base/utf8.def
File: utf8.def 2006/03/30 v1.1i UTF-8 support for inputenc
Now handling font encoding OML ...
... no UTF-8 mapping file for font encoding OML
Now handling font encoding T1 ...
... processing UTF-8 mapping file for font encodingT1

(/usr/share/texmf-texlive/tex/latex/base/t1enc.dfu
File: t1enc.dfu 2006/03/30 v1.1i UTF-8 support for inputenc
   defining Unicode char U+00A1 (decimal 161)
   defining Unicode char U+00A3 (decimal 163)
   defining Unicode char U+00AB (decimal 171)
   defining Unicode char U+00BB (decimal 187)
   defining Unicode char U+00BF (decimal 191)
   defining Unicode char U+00C0 (decimal 192)
   defining Unicode char U+00C1 (decimal 193)
   defining Unicode char U+00C2 (decimal 194)
   defining Unicode char U+00C3 (decimal 195)
   defining Unicode char U+00C4 (decimal 196)
   defining Unicode char U+00C5 (decimal 197)
   defining Unicode char U+00C6 (decimal 198)
   defining Unicode char U+00C7 (decimal 199)
   defining Unicode char U+00C8 (decimal 200)
   defining Unicode char U+00C9 (decimal 201)
   defining Unicode char U+00CA (decimal 202)
   defining Unicode char U+00CB (decimal 203)
   defining Unicode char U+00CC (decimal 204)
   defining Unicode char U+00CD (decimal 205)
   defining Unicode char U+00CE (decimal 206)
   defining Unicode char U+00CF (decimal 207)
   defining Unicode char U+00D0 (decimal 208)
   defining Unicode char U+00D1 (decimal 209)
   defining Unicode char U+00D2 (decimal 210)
   defining Unicode char U+00D3 (decimal 211)
   defining Unicode char U+00D4 (decimal 212)
   defining Unicode char U+00D5 (decimal 213)
   defining Unicode char U+00D6 (decimal 214)
   defining Unicode char U+00D8 (decimal 216)
   defining Unicode char U+00D9 (decimal 217)
   defining Unicode char U+00DA (decimal 218)
   defining Unicode char U+00DB (decimal 219)
   defining Unicode char U+00DC (decimal 220)
   defining Unicode char U+00DD (decimal 221)
   defining Unicode char U+00DE (decimal 222)
   defining Unicode char U+00DF (decimal 223)
   defining Unicode char U+00E0 (decimal 224)
   defining Unicode char U+00E1 (decimal 225)
   defining Unicode char U+00E2 (decimal 226)
   defining Unicode char U+00E3 (decimal 227)
   defining Unicode char U+00E4 (decimal 228)
   defining Unicode char U+00E5 (decimal 229)
   defining Unicode char U+00E6 (decimal 230)
   defining Unicode char U+00E7 (decimal 231)
   defining Unicode char U+00E8 (decimal 232)
   defining Unicode char U+00E9 (decimal 233)
   defining Unicode char U+00EA (decimal 234)
   defining Unicode char U+00EB (decimal 235)
   defining Unicode char U+00EC (decimal 236)
   defining Unicode char U+00ED (decimal 237)
   defining Unicode char U+00EE (decimal 238)
   defining Unicode char U+00EF (decimal 239)
   defining Unicode char U+00F0 (decimal 240)
   defining Unicode char U+00F1 (decimal 241)
   defining Unicode char U+00F2 (decimal 242)
   defining Unicode char U+00F3 (decimal 243)
   defining Unicode char U+00F4 (decimal 244)
   defining Unicode char U+00F5 (decimal 245)
   defining Unicode char U+00F6 (decimal 246)
   defining Unicode char U+00F8 (decimal 248)
   defining Unicode char U+00F9 (decimal 249)
   defining Unicode char U+00FA (decimal 250)
   defining Unicode char U+00FB (decimal 251)
   defining Unicode char U+00FC (decimal 252)
   defining Unicode char U+00FD (decimal 253)
   defining Unicode char U+00FE (decimal 254)
   defining Unicode char U+00FF (decimal 255)
   defining Unicode char U+0102 (decimal 258)
   defining Unicode char U+0103 (decimal 259)
   defining Unicode char U+0104 (decimal 260)
   defining Unicode char U+0105 (decimal 261)
   defining Unicode char U+0106 (decimal 262)
   defining Unicode char U+0107 (decimal 263)
   defining Unicode char U+010C (decimal 268)
   defining Unicode char U+010D (decimal 269)
   defining Unicode char U+010E (decimal 270)
   defining Unicode char U+010F (decimal 271)
   defining Unicode char U+0110 (decimal 272)
   defining Unicode char U+0111 (decimal 273)
   defining Unicode char U+0118 (decimal 280)
   defining Unicode char U+0119 (decimal 281)
   defining Unicode char U+011A (decimal 282)
   defining Unicode char U+011B (decimal 283)
   defining Unicode char U+011E (decimal 286)
   defining Unicode char U+011F (decimal 287)
   defining Unicode char U+0130 (decimal 304)
   defining Unicode char U+0131 (decimal 305)
   defining Unicode char U+0132 (decimal 306)
   defining Unicode char U+0133 (decimal 307)
   defining Unicode char U+0139 (decimal 313)
   defining Unicode char U+013A (decimal 314)
   defining Unicode char U+013D (decimal 317)
   defining Unicode char U+013E (decimal 318)
   defining Unicode char U+0141 (decimal 321)
   defining Unicode char U+0142 (decimal 322)
   defining Unicode char U+0143 (decimal 323)
   defining Unicode char U+0144 (decimal 324)
   defining Unicode char U+0147 (decimal 327)
   defining Unicode char U+0148 (decimal 328)
   defining Unicode char U+014A (decimal 330)
   defining Unicode char U+014B (decimal 331)
   defining Unicode char U+0150 (decimal 336)
   defining Unicode char U+0151 (decimal 337)
   defining Unicode char U+0152 (decimal 338)
   defining Unicode char U+0153 (decimal 339)
   defining Unicode char U+0154 (decimal 340)
   defining Unicode char U+0155 (decimal 341)
   defining Unicode char U+0158 (decimal 344)
   defining Unicode char U+0159 (decimal 345)
   defining Unicode char U+015A (decimal 346)
   defining Unicode char U+015B (decimal 347)
   defining Unicode char U+015E (decimal 350)
   defining Unicode char U+015F (decimal 351)
   defining Unicode char U+0160 (decimal 352)
   defining Unicode char U+0161 (decimal 353)
   defining Unicode char U+0162 (decimal 354)
   defining Unicode char U+0163 (decimal 355)
   defining Unicode char U+0164 (decimal 356)
   defining Unicode char U+0165 (decimal 357)
   defining Unicode char U+016E (decimal 366)
   defining Unicode char U+016F (decimal 367)
   defining Unicode char U+0170 (decimal 368)
   defining Unicode char U+0171 (decimal 369)
   defining Unicode char U+0178 (decimal 376)
   defining Unicode char U+0179 (decimal 377)
   defining Unicode char U+017A (decimal 378)
   defining Unicode char U+017B (decimal 379)
   defining Unicode char U+017C (decimal 380)
   defining Unicode char U+017D (decimal 381)
   defining Unicode char U+017E (decimal 382)
   defining Unicode char U+200C (decimal 8204)
   defining Unicode char U+2013 (decimal 8211)
   defining Unicode char U+2014 (decimal 8212)
   defining Unicode char U+2018 (decimal 8216)
   defining Unicode char U+2019 (decimal 8217)
   defining Unicode char U+201A (decimal 8218)
   defining Unicode char U+201C (decimal 8220)
   defining Unicode char U+201D (decimal 8221)
   defining Unicode char U+201E (decimal 8222)
   defining Unicode char U+2030 (decimal 8240)
   defining Unicode char U+2031 (decimal 8241)
   defining Unicode char U+2039 (decimal 8249)
   defining Unicode char U+203A (decimal 8250)
   defining Unicode char U+2423 (decimal 9251)
)
Now handling font encoding OT1 ...
... processing UTF-8 mapping file for font encodingOT1

(/usr/share/texmf-texlive/tex/latex/base/ot1enc.dfu
File: ot1enc.dfu 2006/03/30 v1.1i UTF-8 support for inputenc
   defining Unicode char U+00A1 (decimal 161)
   defining Unicode char U+00A3 (decimal 163)
   defining Unicode char U+00B8 (decimal 184)
   defining Unicode char U+00BF (decimal 191)
   defining Unicode char U+00C5 (decimal 197)
   defining Unicode char U+00C6 (decimal 198)
   defining Unicode char U+00D8 (decimal 216)
   defining Unicode char U+00DF (decimal 223)
   defining Unicode char U+00E6 (decimal 230)
   defining Unicode char U+00EC (decimal 236)
   defining Unicode char U+00ED (decimal 237)
   defining Unicode char U+00EE (decimal 238)
   defining Unicode char U+00EF (decimal 239)
   defining Unicode char U+00F8 (decimal 248)
   defining Unicode char U+0131 (decimal 305)
   defining Unicode char U+0141 (decimal 321)
   defining Unicode char U+0142 (decimal 322)
   defining Unicode char U+0152 (decimal 338)
   defining Unicode char U+0153 (decimal 339)
   defining Unicode char U+2013 (decimal 8211)
   defining Unicode char U+2014 (decimal 8212)
   defining Unicode char U+2018 (decimal 8216)
   defining Unicode char U+2019 (decimal 8217)
   defining Unicode char U+201C (decimal 8220)
   defining Unicode char U+201D (decimal 8221)
)
Now handling font encoding OMS ...
... processing UTF-8 mapping file for font encodingOMS

(/usr/share/texmf-texlive/tex/latex/base/omsenc.dfu
File: omsenc.dfu 2006/03/30 v1.1i UTF-8 support for inputenc
   defining Unicode char U+00A7 (decimal 167)
   defining Unicode char U+00B6 (decimal 182)
   defining Unicode char U+00B7 (decimal 183)
   defining Unicode char U+2020 (decimal 8224)
   defining Unicode char U+2021 (decimal 8225)
   defining Unicode char U+2022 (decimal 8226)
)
Now handling font encoding OMX ...
... no UTF-8 mapping file for font encoding OMX
Now handling font encoding U ...
... no UTF-8 mapping file for font encoding U
   defining Unicode char U+00A9 (decimal 169)
   defining Unicode char U+00AA (decimal 170)
   defining Unicode char U+00AE (decimal 174)
   defining Unicode char U+00BA (decimal 186)
   defining Unicode char U+02C6 (decimal 710)
   defining Unicode char U+02DC (decimal 732)
   defining Unicode char U+200C (decimal 8204)
   defining Unicode char U+2026 (decimal 8230)
   defining Unicode char U+2122 (decimal 8482)
   defining Unicode char U+2423 (decimal 9251)
))
(/usr/share/texmf-texlive/tex/latex/pstricks/pstricks.sty
Package: pstricks 2006/08/10 v0.32 LaTeX wrapper for `PSTricks' (RN,HV)

(/usr/share/texmf-texlive/tex/generic/pstricks/pstricks.tex
`PSTricks' v1.15  <2006/12/22> (tvz)
\pst@dima=\dimen104
\pst@dimb=\dimen105
\pst@dimc=\dimen106
\pst@dimd=\dimen107
\pst@dimg=\dimen108
\pst@dimh=\dimen109
\pst@hbox=\box26
\pst@boxg=\box27
\pst@cnta=\count89
\pst@cntb=\count90
\pst@cntc=\count91
\pst@cntd=\count92
\pst@cntg=\count93
\pst@cnth=\count94
\pst@toks=\toks16
(/usr/share/texmf-texlive/tex/generic/pstricks/pstricks.con)
\psunit=\dimen110
\psxunit=\dimen111
\psyunit=\dimen112
\pslinewidth=\dimen113
\pst@customdefs=\toks17
\pslinearc=\dimen114
\everypsbox=\toks18
\psframesep=\dimen115
\pslabelsep=\dimen116
\psk@shift=\dimen117
\pst@shift=\dimen118
\theoverlaybox=\box28
)
File: pstricks.tex 2006/12/22 v1.15 `PSTricks' (tvz)

(/usr/share/texmf/tex/latex/xcolor/xcolor.sty
Package: xcolor 2007/01/21 v2.11 LaTeX color extensions (UK)

(/etc/texmf/tex/latex/config/color.cfg
File: color.cfg 2007/01/18 v1.5 color configuration of teTeX/TeXLive
)
Package xcolor Info: Package option `override' ignored on input line 216.
Package xcolor Info: Driver file: dvips.def on input line 225.

(/usr/share/texmf-texlive/tex/latex/graphics/dvips.def
File: dvips.def 1999/02/16 v3.0i Driver-dependant file (DPC,SPQR)
)
Package xcolor Info: Model `cmy' substituted by `cmy0' on input line 1337.
Package xcolor Info: Model `RGB' extended on input line 1353.
Package xcolor Info: Model `HTML' substituted by `rgb' on input line 1355.
Package xcolor Info: Model `Hsb' substituted by `hsb' on input line 1356.
Package xcolor Info: Model `tHsb' substituted by `hsb' on input line 1357.
Package xcolor Info: Model `HSB' substituted by `hsb' on input line 1358.
Package xcolor Info: Model `Gray' substituted by `gray' on input line 1359.
Package xcolor Info: Model `wave' substituted by `hsb' on input line 1360.
))
(/usr/share/texmf-texlive/tex/latex/amsmath/amsmath.sty
Package: amsmath 2000/07/18 v2.13 AMS math features
\@mathmargin=\skip43

For additional information on amsmath, use the `?' option.
(/usr/share/texmf-texlive/tex/latex/amsmath/amstext.sty
Package: amstext 2000/06/29 v2.01

(/usr/share/texmf-texlive/tex/latex/amsmath/amsgen.sty
File: amsgen.sty 1999/11/30 v2.0
\@emptytoks=\toks19
\ex@=\dimen119
))
(/usr/share/texmf-texlive/tex/latex/amsmath/amsbsy.sty
Package: amsbsy 1999/11/29 v1.2d
\pmbraise@=\dimen120
)
(/usr/share/texmf-texlive/tex/latex/amsmath/amsopn.sty
Package: amsopn 1999/12/14 v2.01 operator names
)
\inf@bad=\count95
LaTeX Info: Redefining \frac on input line 211.
\uproot@=\count96
\leftroot@=\count97
LaTeX Info: Redefining \overline on input line 307.
\classnum@=\count98
\DOTSCASE@=\count99
LaTeX Info: Redefining \ldots on input line 379.
LaTeX Info: Redefining \dots on input line 382.
LaTeX Info: Redefining \cdots on input line 467.
\Mathstrutbox@=\box29
\strutbox@=\box30
\big@size=\dimen121
LaTeX Font Info:    Redeclaring font encoding OML on input line 567.
LaTeX Font Info:    Redeclaring font encoding OMS on input line 568.
\macc@depth=\count100
\c@MaxMatrixCols=\count101
\dotsspace@=\muskip10
\c@parentequation=\count102
\dspbrk@lvl=\count103
\tag@help=\toks20
\row@=\count104
\column@=\count105
\maxfields@=\count106
\andhelp@=\toks21
\eqnshift@=\dimen122
\alignsep@=\dimen123
\tagshift@=\dimen124
\tagwidth@=\dimen125
\totwidth@=\dimen126
\lineht@=\dimen127
\@envbody=\toks22
\multlinegap=\skip44
\multlinetaggap=\skip45
\mathdisplay@stack=\toks23
LaTeX Info: Redefining \[ on input line 2666.
LaTeX Info: Redefining \] on input line 2667.
)
(/usr/share/texmf-texlive/tex/latex/graphics/graphicx.sty
Package: graphicx 1999/02/16 v1.0f Enhanced LaTeX Graphics (DPC,SPQR)

(/usr/share/texmf-texlive/tex/latex/graphics/keyval.sty
Package: keyval 1999/03/16 v1.13 key=value parser (DPC)
\KV@toks@=\toks24
)
(/usr/share/texmf-texlive/tex/latex/graphics/graphics.sty
Package: graphics 2006/02/20 v1.0o Standard LaTeX Graphics (DPC,SPQR)

(/usr/share/texmf-texlive/tex/latex/graphics/trig.sty
Package: trig 1999/03/16 v1.09 sin cos tan (DPC)
)
(/etc/texmf/tex/latex/config/graphics.cfg
File: graphics.cfg 2007/01/18 v1.5 graphics configuration of teTeX/TeXLive
)
Package graphics Info: Driver file: dvips.def on input line 90.
)
\Gin@req@height=\dimen128
\Gin@req@width=\dimen129
) (./wilmott.aux)
\openout1 = `wilmott.aux'.

LaTeX Font Info:    Checking defaults for OML/cmm/m/it on input line 10.
LaTeX Font Info:    ... okay on input line 10.
LaTeX Font Info:    Checking defaults for T1/cmr/m/n on input line 10.
LaTeX Font Info:    ... okay on input line 10.
LaTeX Font Info:    Checking defaults for OT1/cmr/m/n on input line 10.
LaTeX Font Info:    ... okay on input line 10.
LaTeX Font Info:    Checking defaults for OMS/cmsy/m/n on input line 10.
LaTeX Font Info:    ... okay on input line 10.
LaTeX Font Info:    Checking defaults for OMX/cmex/m/n on input line 10.
LaTeX Font Info:    ... okay on input line 10.
LaTeX Font Info:    Checking defaults for U/cmr/m/n on input line 10.
LaTeX Font Info:    ... okay on input line 10.
 [1


] [2

]
(./wilmott.toc [3]
Overfull \hbox (5.92068pt too wide) in paragraph at lines 54--54
 [][] []\OT1/cmr/m/n/10 Technick^^Sa pozn^^Samka: Sjed-no-cen^^S^^P spo-jit^^Se
 a diskr^^Setn^^S^^P v^^Syplaty 
 []

[4] [5])
\tf@toc=\write3
\openout3 = `wilmott.toc'.

 [6] [7

] [8]
Kapitola 1.
[9

]
Underfull \hbox (badness 10000) in paragraph at lines 41--42

 []

[10]
Overfull \hbox (23.66739pt too wide) in paragraph at lines 64--66
\OT1/cmr/m/n/10 Tuto difer-enci^^Saln^^S^^P rovnici lze vy^^Tre^^Tsit po-moc^^S
^^P stan-dardn^^S^^P metody sep-a-race prom^^Tenn^^Sych. 
 []

[11] [12

]
Kapitola 2.

Overfull \hbox (16.80632pt too wide) in paragraph at lines 103--104
\OT1/cmr/m/n/10 his-torick^^Sych po-zorov^^San^^S^^P jsme schopni zkon-struo-va
t jej^^S^^P pravd^^Tepodobnostn^^S^^P rozd^^Telen^^S^^P.
 []


Overfull \hbox (0.47296pt too wide) in paragraph at lines 105--106
\OT1/cmr/m/n/10 Sou^^Tcasn^^Sa cena ani jej^^S^^P v^^Syvoj v min-u-losti tak ji
^^Tz neob-sahuj^^S^^P ^^Tz^^Sadnou ``cenotvornou''
 []


Overfull \hbox (58.03542pt too wide) in paragraph at lines 105--106
\OT1/cmr/m/n/10 vy-pov^^S^^Pdac^^S^^P hod-notu. His-torick^^Sy v^^Syvoj toti^^T
z slou^^Tz^^S^^P jako z^^Saklad pro odhad pravd^^Tepodobnostn^^S^^Pho
 []


Underfull \vbox (badness 10000) has occurred while \output is active []

 [13]
Overfull \hbox (5.51454pt too wide) in paragraph at lines 142--144
\OT1/cmr/m/n/10 Parametr $\OML/cmm/m/it/10 dX$ \OT1/cmr/m/n/10 p^^Tredstavuje n
^^Sahodn^^Sy v^^Syb^^Ter z norm^^Saln^^S^^Pho rozd^^Telen^^S^^P a $\OML/cmm/m/i
t/10 ^^[$ \OT1/cmr/m/n/10 sm^^Terodatnou
 []


Overfull \hbox (2.13725pt too wide) in paragraph at lines 162--163
\OT1/cmr/m/n/10 Parametr $\OML/cmm/m/it/10 dX$\OT1/cmr/m/n/10 , kter^^Sy p^^Tre
dstavuje n^^Sahodnost ve v^^Syvoji bu-douc^^S^^P ceny pod-kladov^^Seho
 []

LaTeX Font Info:    Try loading font information for OMS+cmr on input line 164.

(/usr/share/texmf-texlive/tex/latex/base/omscmr.fd
File: omscmr.fd 1999/05/25 v2.5h Standard LaTeX font definitions
)
LaTeX Font Info:    Font shape `OMS/cmr/m/n' in size <10> not available
(Font)              Font shape `OMS/cmsy/m/n' tried instead on input line 164.
 [14] [15]
Overfull \hbox (7.8512pt too wide) in paragraph at lines 214--216
\OT1/cmr/m/n/10 rel-a-tivn^^S^^P zm^^Tenu pod-kladov^^Seho ak-tiva v ^^Tcasov^^
Sem in-ter-valu $\OML/cmm/m/it/10 dt$\OT1/cmr/m/n/10 . Opako-van^^S^^Pm druh^^S
eho
 []

[16] [17] [18] [19] [20

]
Kapitola 3.

Underfull \vbox (badness 1436) has occurred while \output is active []

 [21]
[22]
Overfull \hbox (5.1108pt too wide) in paragraph at lines 448--449
[]\OT1/cmr/m/n/10 S pod-kladov^^Sym ak-tivem je mo^^Tzn^^Se ob-chodovat nep^^Tr
etr^^Tzit^^Te v li-bo-voln^^Sy ^^Tcasov^^Sy
 []

[23] [24] [25] [26]
Underfull \vbox (badness 3428) has occurred while \output is active []

 [27]
[28] [29]
Overfull \hbox (76.16762pt too wide) detected at line 739
\OML/cmm/m/it/10 ^^Vdt \OT1/cmr/m/n/10 + \OML/cmm/m/it/10 ^^[dX \OT1/cmr/m/n/10
 + \OML/cmm/m/it/10 a[][][]^^V\OT1/cmr/m/n/10 ^^A[] + []\OML/cmm/m/it/10 ^^[[]S
\OT1/cmr/m/n/10 ^^@[] + ^^B[][]\OML/cmm/m/it/10 dt \OT1/cmr/m/n/10 + \OML/cmm/m
/it/10 ^^[\OT1/cmr/m/n/10 ^^A[]\OML/cmm/m/it/10 dX[] \OT1/cmr/m/n/10 + \OML/cmm
/m/it/10 a[][][]^^V\OT1/cmr/m/n/10 ^^A[] + []\OML/cmm/m/it/10 ^^[[]S\OT1/cmr/m/
n/10 ^^@[] + ^^B[][]\OML/cmm/m/it/10 dt \OT1/cmr/m/n/10 + \OML/cmm/m/it/10 ^^[\
OT1/cmr/m/n/10 ^^A[]\OML/cmm/m/it/10 dX[] \OT1/cmr/m/n/10 = 0
 []

[30]
Overfull \hbox (10.91737pt too wide) in paragraph at lines 769--770
[]\OT1/cmr/m/n/10 Nezbytn^^Sym vs-tupn^^S^^Pm parame-trem Black-Scholes mod-elu
 je bezrizikov^^Sa ^^Surokov^^Sa
 []


Overfull \hbox (9.53508pt too wide) in paragraph at lines 769--770
\OT1/cmr/m/n/10 ^^Surokov^^Se sazby je rozho-duj^^S^^Pc^^S^^P zbytkov^^Sa splat
-nost opce. Tento parametr nep^^Trestavuje
 []

File: intel.bmp Graphic file (type bmp)
<intel.bmp>
Overfull \hbox (6.3125pt too wide) in paragraph at lines 774--775
[][] 
 []

[31] [32]
Kapitola 4.
[33

]
Overfull \hbox (16.62813pt too wide) in paragraph at lines 846--846
[]\OT1/cmr/bx/n/12 Technick^^Sa pozn^^Samka: Charak-ter-is-tiky line^^Sarn^^S^^
P parci^^Saln^^S^^P
 []

[34]
Overfull \hbox (13.98434pt too wide) in paragraph at lines 869--870
[]\OT1/cmr/m/n/10 P^^Tredpokl^^Sadejme, ^^Tze in-ves-tice generuje v ^^Tcasov^^
Sem in-ter-valu $\OML/cmm/m/it/10 dt$ \OT1/cmr/m/n/10 pen^^Te^^Tzn^^S^^P prost^
^Tredky
 []

[35]
Overfull \hbox (7.36488pt too wide) in paragraph at lines 911--913
\OT1/cmr/m/n/10 kter^^Sa nam^^S^^Psto nez^^Savisl^^Se veli^^Tciny $\OML/cmm/m/i
t/10 t$ \OT1/cmr/m/n/10 pou^^Tz^^S^^Pv^^Sa veli^^Tcinu $\OML/cmm/m/it/10 x$\OT1
/cmr/m/n/10 . Jestli^^Tze nahrad^^S^^Pme $\OML/cmm/m/it/10 ^^O$ \OT1/cmr/m/n/10
 veli^^Tcinou
 []

[36] [37] [38]
Overfull \hbox (2.34065pt too wide) in paragraph at lines 1009--1010
\OT1/cmr/m/n/10 nerovnom^^Tern^^Se rozd^^Telen^^S^^P tepla. Naopak zp^^Tetn^^Sa
 dif^^Suzn^^S^^P rovnice odvozuje z p^^Wuvodn^^Te
 []

[39] [40

]
Kapitola 5.

Overfull \hbox (13.7494pt too wide) in paragraph at lines 1017--1018
[]\OT1/cmr/m/n/10 Re^^Tsen^^S^^P $\OML/cmm/m/it/10 u\OT1/cmr/m/n/10 (\OML/cmm/m
/it/10 x; ^^\\OT1/cmr/m/n/10 )$ parci^^Saln^^S^^P diferen^^Tcn^^S^^P rovnice m^
^Wu^^Tze spole^^Tcn^^Te s po^^Tc^^Sate^^Tcn^^S^^Pmi a hrani^^Tcn^^S^^Pmi
 []


Underfull \hbox (badness 10000) in paragraph at lines 1017--1018

 []

[41]
Overfull \hbox (22.86847pt too wide) in paragraph at lines 1061--1063
\OT1/cmr/m/n/10 p^^Tri^^Tcem^^Tz druh^^Sa z rovnic zahrnuje podm^^S^^Pnku (5.2)
 a (5.4). Po-moc^^S^^P sep-a-race prom^^Tenn^^Sych
 []

[42]
Underfull \hbox (badness 10000) in paragraph at lines 1114--1116

 []

[43]
Overfull \hbox (8.11078pt too wide) in paragraph at lines 1190--1192
\OT1/cmr/m/n/10 V prvn^^S^^Pm z p^^Tr^^S^^Pklad^^Wu uv^^Sad^^Ten^^Sych v p^^Tre
dchoz^^S^^P kapi-tole se podm^^S^^Pnky p^^Trestransformuj^^S^^P
 []

[44]
Overfull \hbox (15.12454pt too wide) in paragraph at lines 1193--1193
[]\OT1/cmr/bx/n/14.4 Probl^^Sem po^^Tc^^Sate^^Tcn^^S^^P podm^^S^^Pnky a dif^^Su
zn^^S^^P rovnice 
 []

[45]
Overfull \hbox (22.56291pt too wide) in paragraph at lines 1223--1223
[][]\OT1/cmr/bx/n/14.4 Re^^Tsen^^S^^P difer-enci^^Saln^^S^^P rovnice Black-Scho
les mod-
 []

[46] [47]
Overfull \hbox (53.71384pt too wide) detected at line 1311
\OML/cmm/m/it/10 u\OT1/cmr/m/n/10 (\OML/cmm/m/it/10 x; ^^\\OT1/cmr/m/n/10 ) = [
] [][] \OML/cmm/m/it/10 e[]e[]dx[] \OMS/cmsy/m/n/10 ^^@ [] [][] \OML/cmm/m/it/1
0 e[]e[]dx[]
 []

[48]
Overfull \hbox (3.44518pt too wide) in paragraph at lines 1399--1400
\OT1/cmr/m/n/10 Diferenci^^Saln^^S^^P rovnice mod-eluj^^S^^Pc^^S^^P fyzik^^Saln
^^S^^P a fi-nan^^Tcn^^S^^P pro-cesy ^^Tcasto ob-sahuj^^S^^P mnoho
 []

[49]
Overfull \hbox (2.1064pt too wide) in paragraph at lines 1403--1404
\OT1/cmr/m/n/10 Parame-try $\OML/cmm/m/it/10 k \OT1/cmr/m/n/10 = []$ a $[]\OML/
cmm/m/it/10 ^^[[]T$ \OT1/cmr/m/n/10 jsou tak bezrozm^^Tern^^Se a jedn^^Sa se o 
jedin^^Se bezrozm^^Tern^^Se
 []


Overfull \hbox (24.63902pt too wide) in paragraph at lines 1412--1414
\OT1/cmr/m/n/10 opce. Deltu lze odvodit derivac^^S^^P (5.14) dle $\OML/cmm/m/it
/10 S$\OT1/cmr/m/n/10 . P^^Tri odvo-zov^^San^^S^^P (5.14) jsme p^^Tredpokl^^Sad
ali,
 []

[50]
Overfull \hbox (59.81142pt too wide) in paragraph at lines 1425--1427
\OT1/cmr/m/n/10 Aplikujme sub-sti-tuci $\OML/cmm/m/it/10 ^^Z \OT1/cmr/m/n/10 = 
[]$. Je-li $\OML/cmm/m/it/10 S[] \OT1/cmr/m/n/10 = \OML/cmm/m/it/10 E$\OT1/cmr/
m/n/10 , pak $\OML/cmm/m/it/10 ^^Z \OT1/cmr/m/n/10 = []$.
 []

[51]
Overfull \hbox (39.70087pt too wide) in paragraph at lines 1450--1451
\OT1/cmr/m/n/10 m^^Sa n^^Tekoliv v^^Syznamn^^Sych neg-a-tiv. V prvn^^S^^P ^^Tra
d^^Te vy^^Tzaduje znalost hus-toty pravd^^Tepodobnosti
 []


Overfull \hbox (29.16852pt too wide) in paragraph at lines 1457--1458
\OT1/cmr/m/n/10 ne-ex-is-tence ar-bitr^^Sa^^Tze a p^^Tredpoklad, ^^Tze bezrizik
ov^^Se port-fo-lio generuje v^^Synos odpov^^S^^Pdaj^^S^^Pc^^S^^P
 []

[52]
Kapitola 6.
[53

]
Overfull \hbox (51.09035pt too wide) detected at line 1518
\OML/cmm/m/it/10 D[]e[]C[] \OT1/cmr/m/n/10 + \OML/cmm/m/it/10 e[][] \OT1/cmr/m/
n/10 + []\OML/cmm/m/it/10 ^^[[]S[][] \OT1/cmr/m/n/10 + (\OML/cmm/m/it/10 r \OMS
/cmsy/m/n/10 ^^@ \OML/cmm/m/it/10 D[]\OT1/cmr/m/n/10 )\OML/cmm/m/it/10 e[]S[] \
OMS/cmsy/m/n/10 ^^@ \OML/cmm/m/it/10 re[]C[] \OT1/cmr/m/n/10 = 0
 []

[54]
Overfull \hbox (14.00302pt too wide) in paragraph at lines 1566--1567
\OT1/cmr/m/n/10 Mimo den, kdy je vypl^^Sacena div-i-denda, se hod-nota opce m^^
Ten^^S^^P v d^^Wusledku n^^Sahodn^^Sych
 []

[55]
Overfull \hbox (6.16849pt too wide) in paragraph at lines 1582--1583
\OT1/cmr/m/n/10 zp^^Tetn^^Te parabol-ick^^Sa, pos-tupu-jeme od okam^^Tziku spla
t-nosti opce sm^^Terem k ^^Tcasov^^Semu
 []

[56] [57]
Overfull \hbox (11.8141pt too wide) in paragraph at lines 1643--1644
[]\OT1/cmr/m/n/10 Existuje n^^Tekolik zp^^Wusob^^Wu, jak ocenit for-war-dov^^Sy
 kon-trakt. Z^^Sakladn^^S^^Pm p^^Tr^^S^^Pstupem
 []

[58]
Overfull \hbox (7.00853pt too wide) in paragraph at lines 1693--1695
\OT1/cmr/m/n/10 A^^Tz do-sud jsme p^^Tredpokl^^Sadali, ^^Tze pod-kladov^^Se ak-
tivum nevypl^^Sac^^S^^P div-i-dendy. Jestli^^Tze
 []

[59] [60]
Overfull \hbox (12.66743pt too wide) in paragraph at lines 1772--1773
[]\OT1/cmr/m/n/10 Proto^^Tze (6.9) odpov^^S^^Pd^^Sa Black-Scholes rovnici pro p
od-kladov^^Se ak-tivum generuj^^S^^Pc^^S^^P
 []


Overfull \hbox (3.9729pt too wide) in paragraph at lines 1777--1777
[]\OT1/cmr/bx/n/14.4 Parametry Black-Scholes mod-elu jako funkce
 []

[61] [62]
Kapitola 7.
[63

] [64]
Overfull \hbox (2.81627pt too wide) in paragraph at lines 1919--1919
[]\OT1/cmr/bx/n/14.4 Americk^^Sa opce jako probl^^Sem obecn^^Se hrani^^Tcn^^S^^
P
 []


Overfull \hbox (18.59071pt too wide) in paragraph at lines 1928--1929
\OT1/cmr/m/n/10 Prvn^^S^^P z t^^Techto podm^^S^^Pnek vylu^^Tcuje mo^^Tznost ar-
bitr^^Sa^^Tze. Bezrizikov^^Sy v^^Synos z p^^Tr^^S^^Ppadn^^Seho
 []


Overfull \hbox (15.55627pt too wide) has occurred while \output is active
\OT1/cmr/m/sl/10 7.3.  AMERICK[]A OPCE JAKO PROBL[]EM OBECN[]E HRANI[]CN[]I POD
M[]INKY \OT1/cmr/m/n/10 65
 []

[65]
Overfull \hbox (2.40459pt too wide) in paragraph at lines 1930--1931
[]\OT1/cmr/m/n/10 T^^Tret^^S^^P podm^^S^^Pnka po^^Tzaduj^^S^^Pc^^S^^P spo-ji-to
st hod-noty opce jako funkce $\OML/cmm/m/it/10 S$\OT1/cmr/m/n/10 , op^^Tet vych
^^Saz^^S^^P
 []


Overfull \hbox (4.86176pt too wide) in paragraph at lines 1932--1933
[]\OT1/cmr/m/n/10 Stejn^^Te jako v p^^Tr^^S^^Ppad^^Te probl^^Semu p^^Trek^^Sa^^
Tzky ani v p^^Tr^^S^^Ppad^^Te am-er-ick^^Se opce nezn^^Same
 []

[66]
Overfull \hbox (4.53519pt too wide) in paragraph at lines 1972--1973
\OT1/cmr/m/n/10 druh^^Se voln^^Se hrani^^Tcn^^S^^P podm^^S^^Pnky. Pro ^^Su^^Tce
ly t^^Seto knihy v^^Tsak bude sta^^Tcit p^^Tredpoklad,
 []


Overfull \hbox (13.86295pt too wide) in paragraph at lines 1974--1975
\OT1/cmr/m/n/10 je zalo^^Tzena na p^^Tredpokladu ne-ex-is-tence ar-bitr^^Sa^^Tz
e, kdy je riziko port-fo-lia skl^^Sadaj^^S^^Pc^^S^^Pho
 []


Overfull \hbox (5.47841pt too wide) in paragraph at lines 1979--1981
\OT1/cmr/m/n/10 kr^^Satkou pozici v dan^^Se opci. V n^^Tekter^^Sych situac^^S^^
Pch je toti^^Tz op-tim^^Saln^^S^^P opci p^^Tred^^Tcasn^^Te
 []


Overfull \hbox (15.55627pt too wide) has occurred while \output is active
\OT1/cmr/m/sl/10 7.3.  AMERICK[]A OPCE JAKO PROBL[]EM OBECN[]E HRANI[]CN[]I POD
M[]INKY \OT1/cmr/m/n/10 67
 []

[67]
Overfull \hbox (15.36308pt too wide) in paragraph at lines 1995--1997
\OT1/cmr/m/n/10 Tyto podm^^S^^Pnky lze pova^^Tzovat za jednu hrani^^Tcn^^S^^P p
odm^^S^^Pnku, p^^Tri^^Tcem^^Tz druh^^Sa podm^^S^^Pnka
 []


Underfull \vbox (badness 10000) has occurred while \output is active []

 [68]
Overfull \hbox (18.76315pt too wide) in paragraph at lines 2023--2023
[]\OT1/cmr/bx/n/14.4 Technick^^Sa pozn^^Samka: Voln^^Sa hrani^^Tcn^^S^^P podm^^
S^^Pnka 
 []

[69]
Overfull \hbox (29.7432pt too wide) in paragraph at lines 2059--2059
[]\OT1/cmr/bx/n/14.4 Technick^^Sa pozn^^Samka: Opce s ne-spo-ji-tou v^^Syplatn^
^S^^P
 []


Underfull \vbox (badness 1688) has occurred while \output is active []

 [70]
Overfull \hbox (23.37411pt too wide) in paragraph at lines 2104--2106
\OT1/cmr/m/n/10 Vrat[]me se k probl^^Semu p^^Trek^^Sa^^Tzky disku-to-van^^Semu 
v p^^Tredchoz^^S^^P kapi-tole. P^^Tredpokl^^Sadejme,
 []

[71] [72]
Overfull \hbox (9.63962pt too wide) in paragraph at lines 2148--2149
\OT1/cmr/m/n/10 V t^^Seto kapi-tole se budeme zab^^Syvat am-er-ickou prodejn^^S
^^P opc^^S^^P, kterou p^^Treformulujeme
 []


Overfull \hbox (0.50836pt too wide) in paragraph at lines 2175--2176
\OT1/cmr/m/n/10 in-ter-val. Tento p^^Tredpoklad je p^^Trijateln^^Sy, proto^^Tze
 ka^^Tzd^^Se nu-m-er-ick^^Se ^^Tre^^Tsen^^S^^P omez^^S^^Pme
 []

[73]
Overfull \hbox (3.50189pt too wide) in paragraph at lines 2181--2182
\OT1/cmr/m/n/10 dobn^^Se omezuj^^S^^Pc^^S^^P podm^^S^^Pnky, nazna^^Tcuje mo^^Tz
nost p^^Treformulovat am-er-ickou prodejn^^S^^P
 []

[74] [75] [76]
Overfull \hbox (0.77605pt too wide) in paragraph at lines 2312--2313
[]\OT1/cmr/m/n/10 Nejprve uva^^Tzujme ^^Tclen $(\OML/cmm/m/it/10 k[] \OMS/cmsy/
m/n/10 ^^@ \OT1/cmr/m/n/10 1)[]$. Jak ji^^Tz bylo zm^^S^^Pn^^Teno, tento ^^Tcle
n p^^Tredstavuje
 []

[77] [78] [79] [80] [81] [82

] [83] [84]
Kapitola 8.

Overfull \hbox (4.61055pt too wide) in paragraph at lines 2514--2515
[]\OT1/cmr/m/n/10 V^^Systupem n^^S^^P^^Tze pop-san^^Sych diferen^^Tcn^^S^^Pch m
etod je bezrozm^^Ten^^Sa veli^^Tcnina $\OML/cmm/m/it/10 u\OT1/cmr/m/n/10 (\OML/
cmm/m/it/10 x; ^^\\OT1/cmr/m/n/10 )$.
 []

[85

]
Underfull \vbox (badness 2302) has occurred while \output is active []

 [86]
[87] [88]
Overfull \hbox (3.901pt too wide) in paragraph at lines 2697--2698
[]\OT1/cmr/m/n/10 Zvol^^S^^Pme-li kon-statn^^S^^P $\OML/cmm/m/it/10 ^^Nx$\OT1/c
mr/m/n/10 , nen^^S^^P mo^^Tzn^^Se ^^Tre^^Tsit v^^Sy^^Tse defi-no-van^^Sy probl^
^Sem pro v^^Tsechna
 []

[89] [90]
Overfull \hbox (1.91731pt too wide) in paragraph at lines 2766--2767
[]\OT1/cmr/m/n/10 Uva^^Tzujme stejn^^Te jako v p^^Tr^^S^^Ppad^^Te ex-plic-itn^^
S^^P diferen^^Tcn^^S^^P rovnice probl^^Sem evropsk^^Se
 []


Overfull \hbox (3.55699pt too wide) in paragraph at lines 2766--2767
\OT1/cmr/m/n/10 opce. P^^Tredpokl^^Sadejme, ^^Tze je mo^^Tzn^^Se omezit osu $\O
ML/cmm/m/it/10 x$ \OT1/cmr/m/n/10 diferen^^Tcn^^S^^P s^^S^^Pt^^Te takov^^Symi k
rajn^^S^^Pmi
 []


Overfull \hbox (3.2314pt too wide) in paragraph at lines 2829--2831
\OT1/cmr/m/n/10 kde $\OML/cmm/m/it/10 u[]$ \OT1/cmr/m/n/10 a $\OML/cmm/m/it/10 
b[]$ \OT1/cmr/m/n/10 ozna^^Tcuj^^S^^P ($\OML/cmm/m/it/10 N[] \OMS/cmsy/m/n/10 ^
^@ \OML/cmm/m/it/10 N[] \OMS/cmsy/m/n/10 ^^@ \OT1/cmr/m/n/10 1$)-rozm^^Tern^^Se
 vek-tory $\OML/cmm/m/it/10 u[] \OT1/cmr/m/n/10 = (\OML/cmm/m/it/10 u[]; [] ; u
[]\OT1/cmr/m/n/10 )$
 []


Overfull \hbox (1.7957pt too wide) in paragraph at lines 2829--2831
\OT1/cmr/m/n/10 a $\OML/cmm/m/it/10 b[] \OT1/cmr/m/n/10 = \OML/cmm/m/it/10 u[] 
\OT1/cmr/m/n/10 + \OML/cmm/m/it/10 \OT1/cmr/m/n/10 (\OML/cmm/m/it/10 u[]; \OT1
/cmr/m/n/10 0\OML/cmm/m/it/10 ; \OT1/cmr/m/n/10 0\OML/cmm/m/it/10 ; [] ; \OT1/c
mr/m/n/10 0\OML/cmm/m/it/10 ; u[]\OT1/cmr/m/n/10 )$. $\OML/cmm/m/it/10 M$ \OT1/
cmr/m/n/10 p^^Tredstavuje ($\OML/cmm/m/it/10 N[] \OMS/cmsy/m/n/10 ^^@ \OML/cmm/
m/it/10 N[] \OMS/cmsy/m/n/10 ^^@ \OT1/cmr/m/n/10 1$)-rozm^^Ternou
 []


Overfull \hbox (28.33406pt too wide) in paragraph at lines 2838--2839
\OT1/cmr/m/n/10 A^^Tckoliv je mo^^Tzn^^Se ^^Tre^^Tsit probl^^Sem (8.12) in-verz
^^S^^P matic a je-jich n^^Sasledn^^Sym rozn^^Sasobov^^San^^S^^Pm,
 []


Overfull \hbox (8.01225pt too wide) in paragraph at lines 2840--2841
[]\OT1/cmr/m/n/10 V r^^Samici LU dekom-poz-ice je mat-ice $\OML/cmm/m/it/10 M$ 
\OT1/cmr/m/n/10 ro-zlo^^Tzena na sou^^Tcin doln^^S^^P troj^^Suheln^^S^^Pkov^^Se

 []

[91]
Overfull \hbox (15.69855pt too wide) detected at line 2866
\OT1/cmr/m/n/10 = [] []
 []


Overfull \hbox (5.96149pt too wide) in paragraph at lines 2879--2880
[]\OT1/cmr/m/n/10 P^^Wuvodn^^S^^P probl^^Sem $\OML/cmm/m/it/10 Mu[] \OT1/cmr/m/
n/10 = \OML/cmm/m/it/10 b[]$ \OT1/cmr/m/n/10 tak m^^Wu^^Tze b^^Syt p^^Treformul
ov^^San do tvaru $\OML/cmm/m/it/10 L\OT1/cmr/m/n/10 (\OML/cmm/m/it/10 Uu[]\OT1/
cmr/m/n/10 ) =
 []

[92] [93] [94]
Overfull \hbox (6.86186pt too wide) in paragraph at lines 3036--3037
\OT1/cmr/m/n/10 Crank-Nicolson metoda umo^^Tz^^Tnuje k obe-jit^^S^^P probl^^Sem
u sta-bil-ity ex-plic-itn^^S^^P diferen^^Tcn^^S^^P
 []

[95]
Overfull \hbox (20.12503pt too wide) in paragraph at lines 3049--3051
\OT1/cmr/m/n/10 Lze dok^^Sazat, ^^Tze m^^S^^Pra p^^Tresnosti (8.19) je sp^^S^^P
^^Tse ne^^Tz $\OMS/cmsy/m/n/10 O\OT1/cmr/m/n/10 (\OML/cmm/m/it/10 ^^N^^\\OT1/cm
r/m/n/10 )$ rovna $\OMS/cmsy/m/n/10 O[]\OT1/cmr/m/n/10 (\OML/cmm/m/it/10 ^^N^^\
\OT1/cmr/m/n/10 )[][]$. Zanedb^^San^^S^^Pm
 []

[96] [97] [98

]
Kapitola 9.
[99]
Overfull \hbox (4.74214pt too wide) in paragraph at lines 3168--3170
\OT1/cmr/m/n/10 pro cash-or-nothing kupn^^S^^P opci, kde $\OML/cmm/m/it/10 k \O
T1/cmr/m/n/10 = []$. Po^^Tc^^Sate^^Tcn^^S^^P a fixn^^S^^P hrani^^Tcn^^S^^P podm
^^S^^Pnky
 []


Overfull \hbox (1.12402pt too wide) in paragraph at lines 3194--3195
\OT1/cmr/m/n/10 Vrat[]me se k (9.1). Pro ^^Su^^Tcely ilus-trace difere^^Tcn^^S^
^P metody v^^Sypo^^Tctu budeme uva^^Tzovat
 []


Overfull \hbox (3.30492pt too wide) detected at line 3201
[][]\OML/cmm/m/it/10 x; ^^\ \OT1/cmr/m/n/10 + []\OML/cmm/m/it/10 ^^N^^\[] \OT1/
cmr/m/n/10 = [][] + [][] + \OMS/cmsy/m/n/10 O[]\OT1/cmr/m/n/10 (\OML/cmm/m/it/1
0 ^^Nx\OT1/cmr/m/n/10 )[][]
 []

[100] [101] [102] [103]
Overfull \hbox (11.46602pt too wide) in paragraph at lines 3382--3383
[]\OT1/cmr/m/n/10 Jestli^^Tze vek-tor $\OML/cmm/m/it/10 u[]$ \OT1/cmr/m/n/10 zk
on-ver-go-val k po^^Tzadovan^^Se tol-er-anci, polo^^Tz^^S^^Pme $\OML/cmm/m/it/1
0 u[] \OT1/cmr/m/n/10 =
 []

[104]
Kapitola 10.

Overfull \hbox (5.83398pt too wide) in paragraph at lines 3402--3403
\OT1/cmr/m/n/10 z^^Savis^^S^^P pouze nep^^Tr^^S^^Pmo skrze p^^Tredpoklad riziko
v^^Se neu-tral-ity a z pohledu diferen^^Tcn^^S^^Pch
 []


Overfull \hbox (10.71066pt too wide) in paragraph at lines 3406--3407
\OT1/cmr/m/n/10 3\OML/cmm/m/it/10 ^^Nt$\OT1/cmr/m/n/10 , ..., $\OML/cmm/m/it/10
 M^^Nt$\OT1/cmr/m/n/10 , kde $\OML/cmm/m/it/10 M^^Nt \OT1/cmr/m/n/10 = \OML/cmm
/m/it/10 T$ \OT1/cmr/m/n/10 je splat-nost uva^^Tzovan^^Seho de-riv^^Satu. V n^^
Sasleduj^^S^^Pc^^S^^Pch
 []


Overfull \hbox (7.09073pt too wide) in paragraph at lines 3427--3428
\OT1/cmr/m/n/10 v^^Synos z bezrizikov^^Seho port-fo-lia pak odpov^^S^^Pd^^Sa be
zrizikov^^Se v^^Synosov^^Se m^^S^^P^^Tre. Parametr
 []

[105

]
Overfull \hbox (7.99144pt too wide) in paragraph at lines 3430--3432
\OT1/cmr/m/n/10 Volbou vhodn^^Sych hod-not pro $\OML/cmm/m/it/10 u$\OT1/cmr/m/n
/10 , $\OML/cmm/m/it/10 d$ \OT1/cmr/m/n/10 a $\OML/cmm/m/it/10 p$ \OT1/cmr/m/n/
10 dos^^Sahneme toho, aby (10.1) m^^Tela po^^Tzadovan^^Se
 []

[106]
Overfull \hbox (5.03207pt too wide) in paragraph at lines 3517--3518
\OT1/cmr/m/n/10 pravd^^Tepodobnost $\OML/cmm/m/it/10 p$ \OT1/cmr/m/n/10 r^^Wust
u ceny pod-kladov^^Seho ak-tiva je r^^Wuzn^^Sa od pravd^^Tepodobnosti
 []

[107]
Overfull \hbox (27.84578pt too wide) in paragraph at lines 3521--3522
\OT1/cmr/m/n/10 V tomto p^^Tr^^S^^Ppad^^Te jsou kon-stanty $\OML/cmm/m/it/10 u$
 \OT1/cmr/m/n/10 a $\OML/cmm/m/it/10 d$ \OT1/cmr/m/n/10 d^^Sany rovnicemi (10.3
) a (10.4) a pravd^^Tepobobnost
 []

[108]
Overfull \hbox (1.54347pt too wide) in paragraph at lines 3656--3658
\OT1/cmr/m/n/10 T^^S^^Pmto zp^^Wusobem lze pos-tupn^^Te vypo^^Tc^^S^^Pst hod-no
tu $\OML/cmm/m/it/10 V[]$\OT1/cmr/m/n/10 , kter^^Sa p^^Tredstavuje sou^^Tcasnou

 []

[109]
Overfull \hbox (14.27278pt too wide) in paragraph at lines 3686--3687
\OT1/cmr/m/n/10 den-dov^^Sy v^^Synos $\OML/cmm/m/it/10 D[]$ \OT1/cmr/m/n/10 gen
-erovan^^Sy pod-kladov^^Sym ak-tivem. Aby byl za-chov^^San p^^Tredpoklad
 []

[110] [111] [112

] [113] [114]
Kapitola 11.

Overfull \hbox (8.06303pt too wide) in paragraph at lines 3714--3715
\OT1/cmr/m/n/10 ceny pod-kladov^^Seho ak-tiva. Hod-nota opce tak nen^^S^^P d^^S
ana pouze ce-nou pod-kladov^^Seho
 []

[115

]
Overfull \hbox (20.88077pt too wide) in paragraph at lines 3734--3735
\OT1/cmr/m/n/10 pr^^Savo v dob^^Te splat-nosti koupit pop^^Tr. pro-dat kupn^^S^
^P pop^^Tr. prodejn^^S^^P opci. V n^^Sasleduj^^S^^Pc^^S^^Pm
 []

[116] [117] [118

]
Kapitola 12.

Overfull \hbox (1.20294pt too wide) in paragraph at lines 3776--3778
\OT1/cmr/m/n/10 zaned-bateln^^Sa. Za p^^Tredpokladu, ^^Tze pod-kladov^^Se ak-ti
vum ne-generuje ^^Tz^^Sadn^^Se ^^Surokov^^Se
 []

[119] [120] [121] [122]
Kapitola 13.

Overfull \hbox (1.8073pt too wide) in paragraph at lines 3912--3914
\OT1/cmr/m/n/10 Proto^^Tze je his-to-rie ceny pod-kladov^^Seho ak-tiva nez^^Sav
isl^^Sa na sou^^Tcasn^^Se cen^^Te, m^^Wu^^Tzeme
 []

[123

]
Overfull \hbox (2.674pt too wide) in paragraph at lines 3925--3927
\OT1/cmr/m/n/10 Rovnice (13.1) je odvozena stejn^^Sym zp^^Wusobem jako rovnice 
v kapi-tole 3.3. Proto^^Tze
 []


Overfull \hbox (5.39063pt too wide) in paragraph at lines 3929--3931
\OT1/cmr/m/n/10 P^^Tripome^^Tnme, ^^Tze p^^Tri dodr^^Tzen^^S^^P podm^^S^^Pnek n
e-ex-is-tence ar-bitr^^Sa^^Tze generuje bezrizikov^^Se
 []

[124] [125]
Overfull \hbox (0.54463pt too wide) in paragraph at lines 4001--4002
\OT1/cmr/m/n/10 okam^^Tziky, ke kter^^Sym ak-tu-al-izu-jeme hod-notu po-mocn^^S
e veli^^Tciny $\OML/cmm/m/it/10 I$\OT1/cmr/m/n/10 , skokov^^Te zm^^Tenit.
 []

[126]
Overfull \hbox (14.0423pt too wide) in paragraph at lines 4028--4030
\OT1/cmr/m/n/10 Postup ^^Tre^^Tsen^^S^^P tra-jek-torov^^Se opce s diskr^^Setn^^
S^^P po-moc-nou veli^^Tcinou $\OML/cmm/m/it/10 I$ \OT1/cmr/m/n/10 je tedy n^^Sa
sleduj^^S^^Pc^^S^^P. 
 []


Overfull \hbox (17.0852pt too wide) in paragraph at lines 4037--4038
[]\OT1/cmr/m/n/10 V^^Sy^^Tse uve-den^^Se kroky opaku-jeme, dokud nevypo^^Tcteme
 hod-notu opce k ^^Tcasov^^Semu
 []

[127] [128

]
Kapitola 14.
[129]
Overfull \hbox (1.53719pt too wide) in paragraph at lines 4095--4096
\OT1/cmr/m/n/10 Hodnota asi-jsk^^Se opce je funkc^^S^^P t^^Tr^^S^^P veli^^Tcin,
 konkr^^Setn^^Te $\OML/cmm/m/it/10 S$\OT1/cmr/m/n/10 , $\OML/cmm/m/it/10 I$ \OT
1/cmr/m/n/10 a $\OML/cmm/m/it/10 t$\OT1/cmr/m/n/10 . Nicm^^Sen^^Te v n^^Tekter^
^Sych
 []

[130] [131]
Overfull \hbox (1.13963pt too wide) in paragraph at lines 4178--4180
\OT1/cmr/m/n/10 Po ap-likaci log-a-r-it-mick^^Se trans-for-mace p^^Tripom^^S^^P
n^^Sa (14.6) stan-dardn^^S^^P Black-Scholes
 []

[132]
Overfull \hbox (14.02844pt too wide) in paragraph at lines 4205--4206
\OT1/cmr/m/n/10 Krom^^Te spo-jit^^Seho ge-o-met-rick^^Seho pr^^Wum^^Teru ex-is-
tuje ex-plic-itn^^S^^P ^^Tre^^Tsen^^S^^P tak^^Se pro diskr^^Setn^^S^^P
 []


Overfull \hbox (1.49228pt too wide) in paragraph at lines 4211--4212
\OT1/cmr/m/n/10 mocn^^Se veli^^Tciny $\OML/cmm/m/it/10 I$\OT1/cmr/m/n/10 . V t^
^Seto kapi-tole jsme se zab^^Syvali pouze ar-it-met-ick^^Sym pr^^Wum^^Terem,
 []


Overfull \hbox (1.65047pt too wide) in paragraph at lines 4218--4220
\OT1/cmr/m/n/10 P^^Tres jed-notliv^^Se ^^Tcasov^^Se okam^^Tziky $\OML/cmm/m/it/
10 t[]$ \OT1/cmr/m/n/10 je po-mocn^^Sa veli^^Tcina $\OML/cmm/m/it/10 I$ \OT1/cm
r/m/n/10 nutn^^Te ne-spo-jit^^Sa, proto^^Tze
 []

[133] [134]
Kapitola 15.

Overfull \hbox (5.61076pt too wide) in paragraph at lines 4258--4259
[]\OT1/cmr/m/n/10 V p^^Tr^^S^^Ppad^^Te odpov^^S^^Pdaj^^S^^Pc^^S^^P prodejn^^S^^
P zp^^Tetn^^Se opce na pod-kladovou cenu m^^Sa v^^Syplatn^^S^^P
 []

[135

]
Overfull \hbox (4.6232pt too wide) in paragraph at lines 4307--4309
\OT1/cmr/m/n/10 Pou^^Tzijeme-li It^o lemmu k rozvoji $\OML/cmm/m/it/10 dV$ \OT1
/cmr/m/n/10 a uv^^Tedom^^S^^Pme-li si, ^^Tze $\OML/cmm/m/it/10 V$ \OT1/cmr/m/n/
10 je funkc^^S^^P prom^^Tenn^^Sych
 []

[136]
Overfull \hbox (11.75726pt too wide) in paragraph at lines 4336--4337
[]\OT1/cmr/m/n/10 Uva^^Tzujme evrop-skou vari-antu prodejn^^S^^P zp^^Tetn^^Se o
pce na re-al-iza^^Tcn^^S^^P cenu. Dos^^Sahne-
 []


Overfull \hbox (3.16861pt too wide) in paragraph at lines 4336--4337
\OT1/cmr/m/n/10 li kdyko-liv v pr^^Wub^^Tehu ^^Tzivotnosti cena pod-kladov^^Seh
o ak-tiva hod-noty nula, generuje
 []


Overfull \hbox (5.50078pt too wide) in paragraph at lines 4341--4342
[]\OT1/cmr/m/n/10 Druhou hrani^^Tcn^^S^^P podm^^S^^Pnku lze odvodit na z^^Sakla
d^^Te chov^^San^^S^^P n^^Sahodn^^Se proch^^Sazky
 []

[137]
Overfull \hbox (3.62395pt too wide) in paragraph at lines 4367--4368
\OT1/cmr/m/n/10 Uva^^Tzujme am-er-ickou verzi kupn^^S^^P zp^^Tetn^^Se opce na r
e-al-iza^^Tcn^^S^^P cenu. Necht[] je v^^Syplatn^^S^^P
 []

[138]
Overfull \hbox (1.06178pt too wide) in paragraph at lines 4430--4432
\OT1/cmr/m/n/10 a lze ap-liko-vat podob-nostn^^S^^P ^^Tre^^Tsen^^S^^P a zre-duk
o-vat tak po^^Tcet prom^^Tenn^^Sych. V p^^Tr^^S^^Ppad^^Te
 []

[139]
Overfull \hbox (7.85878pt too wide) in paragraph at lines 4466--4468
\OT1/cmr/m/n/10 Lze dok^^Sazat, ^^Tze spl^^Tnuje-li $\OML/cmm/m/it/10 V\OT1/cmr
/m/n/10 (\OML/cmm/m/it/10 S; t\OT1/cmr/m/n/10 )$ Black-Scholes rovnici, pak $\O
ML/cmm/m/it/10 U\OT1/cmr/m/n/10 (\OML/cmm/m/it/10 S; t\OT1/cmr/m/n/10 ) = \OML/
cmm/m/it/10 S[]V\OT1/cmr/m/n/10 (\OML/cmm/m/it/10 =S; t\OT1/cmr/m/n/10 )$
 []


Overfull \hbox (8.41739pt too wide) in paragraph at lines 4471--4472
\OT1/cmr/m/n/10 N^^Sasleduj^^S^^Pc^^S^^P tab-ulky ob-sahuj^^S^^P ilus-tra^^Tcn^
^S^^P hod-noty am-er-ick^^Se a evropsk^^Se verze prodejn^^S^^P
 []

[140]
Overfull \hbox (5.9475pt too wide) in paragraph at lines 4477--4505
\OT1/cmr/m/n/10 Hodnoty zp^^Tetn^^Sych opc^^S^^P byly vypo^^Tcteny nu-m-er-icky
; hod-nota plain-vanilla evropsk^^Se
 []

[141] [142]
Overfull \hbox (1.50174pt too wide) in paragraph at lines 4564--4565
\OT1/cmr/m/n/10 Stop-loss opce je per-pe-tu-itn^^S^^P bari^^Serov^^Sa zp^^Tetn^
^Sa opce s re-fun-dac^^S^^P, kter^^Sa p^^Tredstavuje
 []

[143] [144

]
Kapitola 16.

Overfull \hbox (0.31284pt too wide) in paragraph at lines 4588--4589
\OT1/cmr/m/n/10 v^^Sysledkem je bezrizikov^^Se port-fo-lio. V p^^Tr^^S^^Ppad^^T
e, ^^Tze p^^Trizn^^Same ex-is-tenci transak^^Tcn^^S^^Pch
 []


Overfull \hbox (16.3129pt too wide) in paragraph at lines 4592--4593
\OT1/cmr/m/n/10 tinu^^Saln^^S^^P zaji^^Tst^^Ten^^S^^P. D^^S^^Pky kon-tinu^^Saln
^^S^^Pm zaji^^Tst^^Ten^^S^^P jsme schopni zkon-struo-vat bezrizikov^^Se
 []


Overfull \hbox (0.55742pt too wide) in paragraph at lines 4592--4593
\OT1/cmr/m/n/10 port-fo-lio, kter^^Se generuje v^^Synosovou m^^S^^Pru odpov^^S^
^Pdaj^^S^^Pc^^S^^P bezrizikov^^Se v^^Synosov^^Se m^^S^^P^^Tre.
 []


Overfull \hbox (16.36185pt too wide) in paragraph at lines 4592--4593
\OT1/cmr/m/n/10 zaji^^Tst^^Ten^^S^^P pot^^Trebn^^Sy k udr^^Tzen^^S^^P bezriziko
v^^Seho port-fo-lia vede k nekone^^Tcn^^Sym transak^^Tcn^^S^^Pm
 []


Overfull \hbox (1.77853pt too wide) in paragraph at lines 4594--4595
[]\OT1/cmr/m/n/10 Leland navrhl jednodu-chou mod-i-fikaci Black-Scholes mod-elu
 pro plain-vanilla
 []

[145] [146]
Overfull \hbox (3.77733pt too wide) in paragraph at lines 4651--4652
[]\OT1/cmr/m/n/10 Z d^^Wuvodu ex-is-tence transak^^Tcn^^S^^Pch n^^Saklad^^Wu je
 rozd^^S^^Pl mezi ocen^^Ten^^S^^Pm jed-notliv^^Sych
 []


Overfull \hbox (8.6952pt too wide) in paragraph at lines 4656--4658
\OT1/cmr/m/n/10 co^^Tz lze dok^^Sazat de-rivov^^San^^S^^Pm z^^Sakladn^^S^^Pch r
ovnic pro v^^Sypo^^Tcet hod-noty odpov^^S^^Pdaj^^S^^Pc^^S^^Pch
 []


Overfull \hbox (3.0573pt too wide) in paragraph at lines 4660--4662
\OT1/cmr/m/n/10 bude (16.4) shodn^^Sa se stan-dardn^^S^^P Black-Scholes rovnic^
^S^^P s t^^S^^Pm rozd^^S^^Plem, ^^Tze nam^^S^^Psto
 []


Overfull \hbox (11.30742pt too wide) in paragraph at lines 4664--4666
\OT1/cmr/m/n/10 V^^Sysledek (16.5) deklaruje, ^^Tze mod-i-fiko-van^^Sa volatili
ta je ni^^Tz^^Ts^^S^^P ne^^Tz skute^^Tcn^^Sa volatilita.
 []

[147]
Overfull \hbox (17.94629pt too wide) in paragraph at lines 4678--4680
\OT1/cmr/m/n/10 Velice d^^Wule^^Tzit^^Sa veli^^Tcina, kter^^Sa je ukryt^^Sa v u
va^^Tzovan^^Sem mod-elu zahrnuj^^S^^Pc^^S^^Pm transak^^Tcn^^S^^P
 []


Overfull \hbox (0.99438pt too wide) in paragraph at lines 4693--4694
\OT1/cmr/m/n/10 p^^Tr^^S^^Pklad^^Te jsou $\OML/cmm/m/it/10 ^^[[] \OT1/cmr/m/n/1
0 = 0\OML/cmm/m/it/10 :\OT1/cmr/m/n/10 4$ a $\OML/cmm/m/it/10 r \OT1/cmr/m/n/10
 = 0\OML/cmm/m/it/10 :\OT1/cmr/m/n/10 1$. Siln^^Sa k^^Trivka p^^Tredstavuje var
i-antu s transak^^Tcn^^S^^Pmi
 []

[148] [149] [150

] [151] [152]
Kapitola 17.
[153

]
Overfull \hbox (40.69627pt too wide) has occurred while \output is active
\OT1/cmr/m/n/10 154 \OT1/cmr/m/sl/10 KAPITOLA 17.  MODELOV[]AN[]I []UROKOV[]YCH
 SAZEB A []UROKOV[]E DERIV[]ATY
 []

[154]
Overfull \hbox (9.02718pt too wide) in paragraph at lines 4792--4794
\OT1/cmr/m/n/10 Rovnice (17.2), kter^^Sa spl^^Tnuje podm^^S^^Pnku $\OML/cmm/m/i
t/10 V\OT1/cmr/m/n/10 (\OML/cmm/m/it/10 T\OT1/cmr/m/n/10 ) = \OML/cmm/m/it/10 Z
$\OT1/cmr/m/n/10 , p^^Tredstavuje hod-notu dluhopisu
 []


Overfull \hbox (2.47285pt too wide) in paragraph at lines 4806--4808
\OT1/cmr/m/n/10 Jestli^^Tze tr^^Tzn^^S^^P ceny diskontn^^S^^Pch dluhopis^^Wu od
r^^Sa^^Tz^^S^^P de-ter-min-i-stickou ^^Surokovou sazbu,
 []

[155]
Overfull \hbox (4.16849pt too wide) in paragraph at lines 4835--4837
\OT1/cmr/m/n/10 V^^Synosov^^Sa k^^Trivka je grafem, ve kter^^Sem je vyn^^Sa^^Ts
ena ^^Surokov^^Sa sazba $\OML/cmm/m/it/10 Y$ \OT1/cmr/m/n/10 proti zbytkov^^Se
 []


Overfull \hbox (40.69627pt too wide) has occurred while \output is active
\OT1/cmr/m/n/10 156 \OT1/cmr/m/sl/10 KAPITOLA 17.  MODELOV[]AN[]I []UROKOV[]YCH
 SAZEB A []UROKOV[]E DERIV[]ATY
 []

[156]
Overfull \hbox (4.70677pt too wide) in paragraph at lines 4867--4868
[]\OT1/cmr/m/n/10 Podobn^^Te jako v p^^Tr^^S^^Ppad^^Te akci^^S^^P budeme mod-e-
lo-vat $\OML/cmm/m/it/10 r$ \OT1/cmr/m/n/10 po-moc^^S^^P n^^Sahodn^^Se proch^^S
azky. 
 []


Overfull \hbox (0.38959pt too wide) in paragraph at lines 4873--4873
[]\OT1/cmr/bx/n/14.4 Diferenci^^Saln^^S^^P rovnice pro ocen^^Ten^^S^^P dluhopis
u 
 []


Overfull \hbox (3.62448pt too wide) in paragraph at lines 4875--4876
\OT1/cmr/m/n/10 P^^Tredpokl^^Sadejme, ^^Tze spo-tov^^Sa sazba $\OML/cmm/m/it/10
 r$ \OT1/cmr/m/n/10 je pops^^Sana stocha-stickou difer-enci^^Saln^^S^^P rovnic^
^S^^P
 []


Overfull \hbox (1.30739pt too wide) in paragraph at lines 4875--4876
\OT1/cmr/m/n/10 proto^^Tze ne-ex-is-tuje pod-kladov^^Se ak-tivum, kter^^Se by b
ylo mo^^Tzn^^Se pou^^Tz^^S^^Pt pro zaji^^Tst^^Ten^^S^^P.
 []

[157]
Overfull \hbox (40.69627pt too wide) has occurred while \output is active
\OT1/cmr/m/n/10 158 \OT1/cmr/m/sl/10 KAPITOLA 17.  MODELOV[]AN[]I []UROKOV[]YCH
 SAZEB A []UROKOV[]E DERIV[]ATY
 []

[158]
Overfull \hbox (10.9416pt too wide) in paragraph at lines 4976--4977
[]\OT1/cmr/m/n/10 V p^^Tr^^S^^Ppad^^Te, ^^Tze $\OML/cmm/m/it/10 \OT1/cmr/m/n/1
0 (\OML/cmm/m/it/10 t\OT1/cmr/m/n/10 ) \OML/cmm/m/it/10 > \OT1/cmr/m/n/10 0$ a 
$\OML/cmm/m/it/10 ^^L\OT1/cmr/m/n/10 (\OML/cmm/m/it/10 t\OT1/cmr/m/n/10 ) \OMS/
cmsy/m/n/10 ^^U \OT1/cmr/m/n/10 0$, lze nas-tavit model tak, aby $[]$ p^^Tredst
avovalo
 []

[159]
Overfull \hbox (5.75726pt too wide) in paragraph at lines 4979--4981
\OT1/cmr/m/n/10 T^^S^^Pmto lze mi-mo-jin^^Se doc^^S^^Plit ne-ex-is-tence z^^Sap
orn^^Sych ^^Surokov^^Sych sazeb. []Urokov^^Sa
 []


Overfull \hbox (30.37456pt too wide) in paragraph at lines 4979--4981
\OT1/cmr/m/n/10 m^^S^^Pra $\OML/cmm/m/it/10 r$ \OT1/cmr/m/n/10 st^^Sale m^^Wu^^
Tze pro v^^Sy^^Tse uve-den^^Se podm^^S^^Pnky, i kdy^^Tz s nulovou pravd^^Tepodo
bnost^^S^^P,
 []


Overfull \hbox (40.69627pt too wide) has occurred while \output is active
\OT1/cmr/m/n/10 160 \OT1/cmr/m/sl/10 KAPITOLA 17.  MODELOV[]AN[]I []UROKOV[]YCH
 SAZEB A []UROKOV[]E DERIV[]ATY
 []

[160] [161]
Overfull \hbox (6.8279pt too wide) in paragraph at lines 5068--5069
\OT1/cmr/m/n/10 ^^Surokov^^Se sazby pro vhodn^^Te zv-olen^^Se ^^Tcasov^^Se okno
[]. Jak ji^^Tz bylo ^^Tre^^Tceno v^^Sy^^Tse, odpov^^S^^Pd^^Sa
 []


Overfull \hbox (2.1119pt too wide) in paragraph at lines 5075--5077
\OT1/cmr/m/n/10 Za p^^Tredpokladu kon-stantn^^S^^P volatil-ity spo-tov^^Se ^^Su
rokov^^Se ji lze odhad-nout na z^^Saklad^^Te
 []


Overfull \hbox (11.02954pt too wide) in paragraph at lines 5078--5079
[]\OT1/cmr/m/n/10 T^^S^^Pmto zp^^Wusobem jsme odvodili dv^^Te rovnice o dvou ne
zn^^Sam^^Sych, co^^Tz je posta^^Tcuj^^S^^Pc^^S^^P
 []


Overfull \hbox (40.69627pt too wide) has occurred while \output is active
\OT1/cmr/m/n/10 162 \OT1/cmr/m/sl/10 KAPITOLA 17.  MODELOV[]AN[]I []UROKOV[]YCH
 SAZEB A []UROKOV[]E DERIV[]ATY
 []

[162] [163]
Overfull \hbox (40.69627pt too wide) has occurred while \output is active
\OT1/cmr/m/n/10 164 \OT1/cmr/m/sl/10 KAPITOLA 17.  MODELOV[]AN[]I []UROKOV[]YCH
 SAZEB A []UROKOV[]E DERIV[]ATY
 []

[164] [165]
Overfull \hbox (40.69627pt too wide) has occurred while \output is active
\OT1/cmr/m/n/10 166 \OT1/cmr/m/sl/10 KAPITOLA 17.  MODELOV[]AN[]I []UROKOV[]YCH
 SAZEB A []UROKOV[]E DERIV[]ATY
 []

[166]
Kapitola 18.

Overfull \hbox (7.47415pt too wide) in paragraph at lines 5221--5222
\OT1/cmr/m/n/10 ^^Tc^^Sastku odpov^^S^^Pdaj^^S^^Pc^^S^^P nomin^^Saln^^S^^P hod-
not^^Te, pokud v^^Tsak nebyl v pr^^Wub^^Tehu sv^^Se ^^Tzivotnosti
 []


Overfull \hbox (6.58505pt too wide) in paragraph at lines 5225--5226
\OT1/cmr/m/n/10 D^^Sale p^^Tredpokl^^Sadejme, ^^Tze ^^Surokov^^Se sazby jsou de
-ter-min-i-stick^^Se a ^^Tze dluhopis generuje
 []


Overfull \hbox (2.72955pt too wide) in paragraph at lines 5228--5230
\OT1/cmr/m/n/10 prozat^^S^^Pm odhl^^Sedneme. Pou^^Tzijeme-li Black-Scholes anal
^^Syzu na port-fo-lio sest^^Savaj^^S^^Pc^^S^^P
 []

[167

] [168]
Overfull \hbox (4.31288pt too wide) in paragraph at lines 5336--5337
\OT1/cmr/m/n/10 do-hod-nutou ^^Tc^^Sastku. Ex-is-tence op^^Tcn^^S^^Pho pr^^Sava
 na stran^^Te emi-tenta sni^^Tzuje z pohledu
 []


Overfull \hbox (1.91847pt too wide) in paragraph at lines 5338--5339
[]\OT1/cmr/m/n/10 Vratn^^Sy dluhopis ob-sahuje op^^Tcn^^S^^P pr^^Savo, kter^^Se
 oprav^^Tnuje jeho ma-jitele k prodeji
 []

[169]
Overfull \hbox (10.26224pt too wide) in paragraph at lines 5377--5378
\OT1/cmr/m/n/10 kter^^Se se skl^^Sad^^Sa z jed-noho kon-vert-ibiln^^S^^Pho dluh
opisu se splat-nost^^S^^P $\OML/cmm/m/it/10 T[]$\OT1/cmr/m/n/10 , $\OMS/cmsy/m/
n/10 ^^@\OT1/cmr/m/n/10 ^^A[]$ dluhopis^^Wu
 []


Overfull \hbox (8.6952pt too wide) in paragraph at lines 5399--5400
[]\OT1/cmr/m/n/10 Hrani^^Tcn^^S^^P podm^^S^^Pnky z tit-ulu am-er-ick^^Se po-vah
y vno^^Tren^^Se opce a kone^^Tcn^^Sa podm^^S^^Pnka
 []


Overfull \hbox (3.4506pt too wide) in paragraph at lines 5399--5400
\OT1/cmr/m/n/10 dvourozm^^Tern^^Sy, mus^^S^^Pme defi-no-vat hrani^^Tcn^^S^^P po
dm^^S^^Pnky v $(\OML/cmm/m/it/10 S; r\OT1/cmr/m/n/10 )$ pros-toru. Konkr^^Setn^
^Te
 []


Overfull \hbox (6.96927pt too wide) in paragraph at lines 5399--5400
\OT1/cmr/m/n/10 se jedn^^Sa o podm^^S^^Pnky pro $\OML/cmm/m/it/10 V\OT1/cmr/m/n
/10 (0\OML/cmm/m/it/10 ; r; t\OT1/cmr/m/n/10 )$ a $\OML/cmm/m/it/10 V\OT1/cmr/m
/n/10 (\OMS/cmsy/m/n/10 1\OML/cmm/m/it/10 ; r; t\OT1/cmr/m/n/10 )$ defi-no-van^
^Se pro v^^Tsechna t, podm^^S^^Pnku
 []


Overfull \hbox (13.89519pt too wide) in paragraph at lines 5401--5402
[]\OT1/cmr/m/n/10 Pro ilus-tranci uved[]me hrani^^Tcn^^S^^P podm^^S^^Pnky pro s
tan-dardn^^S^^P kon-vert-ibiln^^S^^P dluhopis.
 []

[170]
Underfull \vbox (badness 10000) has occurred while \output is active []

 [171]
[172] (./wilmott.aux) ) 
Here is how much of TeX's memory you used:
 3092 strings out of 95087
 34514 string characters out of 1183278
 121170 words of memory out of 1500000
 6245 multiletter control sequences out of 10000+50000
 12071 words of font info for 43 fonts, out of 1200000 for 2000
 28 hyphenation exceptions out of 8191
 30i,11n,37p,1956b,273s stack positions out of 5000i,500n,6000p,200000b,5000s

Output written on wilmott.dvi (172 pages, 834204 bytes).
